Qflow migration logfile created on Thu Jun 25 02:33:31 PM UTC 2026
magic -dnull -noconsole  migrate_spi_top.tcl

Magic 8.3 revision 105 - Compiled on Mon, 06 Dec 2021 22:32:27 +0200.
Starting magic under Tcl interpreter
Using the terminal as the console.
Using NULL graphics device.
Processing system .magicrc file
Input style lambda=0.10(p): scaleFactor=10, multiplier=1
Contact size value ignored (using GDS generation rules).
Contact size value ignored (using GDS generation rules).
Contact size value ignored (using GDS generation rules).
Contact size value ignored (using GDS generation rules).
Contact size value ignored (using GDS generation rules).
Contact size value ignored (using GDS generation rules).
Loading "migrate_spi_top.tcl" from command line.
Root cell box:
           width x height  (   llx,  lly  ), (   urx,  ury  )

microns:    0.00 x 0.00    (  0.00,  0.00 ), (  0.00,  0.00 )
lambda:        0 x 0       (     0,  0    ), (     0,  0    )
Reading LEF data from file /usr/local/share/qflow/tech/osu018/osu018_stdcells.lef.
This action cannot be undone.
LEF read, Line 16 (Message): Unknown keyword "OBS" in LEF file; ignoring.
LEF read, Line 17 (Message): Unknown keyword "PIN" in LEF file; ignoring.
LEF read: Processed 2941 lines.
Reading DEF data from file spi_top.def.
This action cannot be undone.
  Processed 5 vias total.
  Processed 3766 subcell instances total.
  Processed 118 pins total.
  Processed 3010 nets total.
  Processed 505 special nets total.
DEF read: Processed 46338 lines.
Generating LEF output spi_top.lef for cell spi_top:
Diagnostic:  Write LEF header for cell spi_top
Diagnostic:  Writing LEF output for cell spi_top
Diagnostic:  Scale value is 0.100000
Extracting OAI22X1 into OAI22X1.ext:
Extracting CLKBUF1 into CLKBUF1.ext:
Extracting INVX4 into INVX4.ext:
Extracting NOR3X1 into NOR3X1.ext:
Extracting AOI22X1 into AOI22X1.ext:
Extracting OR2X2 into OR2X2.ext:
Extracting XOR2X1 into XOR2X1.ext:
Extracting XNOR2X1 into XNOR2X1.ext:
Extracting MUX2X1 into MUX2X1.ext:
Extracting INVX2 into INVX2.ext:
Extracting INVX8 into INVX8.ext:
Extracting AND2X2 into AND2X2.ext:
Extracting NAND2X1 into NAND2X1.ext:
Extracting OAI21X1 into OAI21X1.ext:
Extracting FILL into FILL.ext:
Extracting NOR2X1 into NOR2X1.ext:
Extracting NAND3X1 into NAND3X1.ext:
Extracting AOI21X1 into AOI21X1.ext:
Extracting INVX1 into INVX1.ext:
Extracting DFFSR into DFFSR.ext:
Extracting BUFX2 into BUFX2.ext:
Extracting spi_top into spi_top.ext:
exttospice finished.
Migration script ended on Thu Jun 25 02:33:53 PM UTC 2026
