Qflow placement logfile created on Thu Jun 25 02:24:51 PM UTC 2026
Running vlog2Cel to generate input files for graywolf
vlog2Cel  -l  /usr/local/share/qflow/tech/osu018/osu018_stdcells.lef -u 100 -o /home/hriddhima/qflow_spi/layout/spi_top.cel /home/hriddhima/qflow_spi/synthesis/spi_top.rtlnopwr.v
No spi_top.cel1 file found for project. . . no partial blockages to apply to layout.
No spi_top.cel2 file found for project. . . continuing without pin placement hints
Running GrayWolf placement
graywolf  spi_top
ERROR[TWgetfont]:font:9x15 not available - using default:fixed

twflow version:2.1 date:Mon May 25 21:15:08 EDT 1992
Authors: Bill Swartz, Carl Sechen
         Yale University

syntax version:v1.1 date:Mon May 25 21:11:10 EDT 1992
TimberWolf System Syntax Checker
Authors: Carl Sechen, Kai-Win Lee, Bill Swartz,
         Dahe Chen, and Jimmy Lam
         Yale University

Read   50 objects so far...
Read  100 objects so far...
Read  150 objects so far...
Read  200 objects so far...
Read  250 objects so far...
Read  300 objects so far...
Read  350 objects so far...
Read  400 objects so far...
Read  450 objects so far...
Read  500 objects so far...
Read  550 objects so far...
Read  600 objects so far...
Read  650 objects so far...
Read  700 objects so far...
Read  750 objects so far...
Read  800 objects so far...
Read  850 objects so far...
Read  900 objects so far...
Read  950 objects so far...
Read 1000 objects so far...
Read 1050 objects so far...
Read 1100 objects so far...
Read 1150 objects so far...
Read 1200 objects so far...
Read 1250 objects so far...
Read 1300 objects so far...
Read 1350 objects so far...
Read 1400 objects so far...
Read 1450 objects so far...
Read 1500 objects so far...
Read 1550 objects so far...
Read 1600 objects so far...
Read 1650 objects so far...
Read 1700 objects so far...
Read 1750 objects so far...
Read 1800 objects so far...
Read 1850 objects so far...
Read 1900 objects so far...
Read 1950 objects so far...
Read 2000 objects so far...
Read 2050 objects so far...
Read 2100 objects so far...
Read 2150 objects so far...
Read 2200 objects so far...
Read 2250 objects so far...
Read 2300 objects so far...
Read 2350 objects so far...
Read 2400 objects so far...
Read 2450 objects so far...
Read 2500 objects so far...
Read 2550 objects so far...
Read 2600 objects so far...
Read 2650 objects so far...
Read 2700 objects so far...
Read 2750 objects so far...
Read 2800 objects so far...
Read 2850 objects so far...
Read 2900 objects so far...
Read 2950 objects so far...
Read 3000 objects so far...
Read 3050 objects so far...
No syntax errors were found

syntax terminated normally with no errors and 0 warning[s]


----------------------------
Total stdcells     :2961
Total cell width   :1.23e+06
Total cell height  :2.96e+06
Total cell area    :1.23e+09
Total core area    :1.23e+09
Average cell height:1.00e+03


nocut - replacement for Mincut version:v1.0 date:Mon May 25 21:09:40 EDT 1992
TimberWolf System Floorplan Setup Program
Authors: Carl Sechen, Bill Swartz,
         Yale University

Read   50 objects so far...
Read  100 objects so far...
Read  150 objects so far...
Read  200 objects so far...
Read  250 objects so far...
Read  300 objects so far...
Read  350 objects so far...
Read  400 objects so far...
Read  450 objects so far...
Read  500 objects so far...
Read  550 objects so far...
Read  600 objects so far...
Read  650 objects so far...
Read  700 objects so far...
Read  750 objects so far...
Read  800 objects so far...
Read  850 objects so far...
Read  900 objects so far...
Read  950 objects so far...
Read 1000 objects so far...
Read 1050 objects so far...
Read 1100 objects so far...
Read 1150 objects so far...
Read 1200 objects so far...
Read 1250 objects so far...
Read 1300 objects so far...
Read 1350 objects so far...
Read 1400 objects so far...
Read 1450 objects so far...
Read 1500 objects so far...
Read 1550 objects so far...
Read 1600 objects so far...
Read 1650 objects so far...
Read 1700 objects so far...
Read 1750 objects so far...
Read 1800 objects so far...
Read 1850 objects so far...
Read 1900 objects so far...
Read 1950 objects so far...
Read 2000 objects so far...
Read 2050 objects so far...
Read 2100 objects so far...
Read 2150 objects so far...
Read 2200 objects so far...
Read 2250 objects so far...
Read 2300 objects so far...
Read 2350 objects so far...
Read 2400 objects so far...
Read 2450 objects so far...
Read 2500 objects so far...
Read 2550 objects so far...
Read 2600 objects so far...
Read 2650 objects so far...
Read 2700 objects so far...
Read 2750 objects so far...
Read 2800 objects so far...
Read 2850 objects so far...
Read 2900 objects so far...
Read 2950 objects so far...
Read 3000 objects so far...
Read 3050 objects so far...
Splitting spi_top.cel into spi_top.scel and spi_top.mcel...
	done!


nocut - replacement for Mincut terminated normally with no errors and 0 warning[s]


TimberWolfMC version:v2.2 date:Mon May 25 21:18:34 EDT 1992
Authors: Carl Sechen, Bill Swartz, Kai-Win Lee
         Dahe Chen, and Jimmy Lam
         Yale University
ERROR[TWgetfont]:font:9x15 not available - using default:fixed
ERROR[TWgetfont]:font:9x15 not available - using default:fixed

config version:v1.0 date:Mon May 25 20:57:18 EDT 1992
Row configuration program
    Yale University


config switches:
	Graphics mode on
	config will inherit window



config terminated abnormally with 1 error[s] and 0 warning[s]


TimberWolfMC terminated abnormally with 1 error[s] and 0 warning[s]

ERROR[TWgetfont]:font:9x15 not available - using default:fixed
WARNING[findcost]:Net <vdd> has 253 pins


TimberWolfSC switches:
	Graphics mode on
	TimberWolfSC will inherit window

TimberWolfSC version:v6.0 date:Mon May 25 21:19:07 EDT 1992
Row-Based Placement and Global Routing Program
Authors: Carl Sechen, Kai-Win Lee, and Bill Swartz,
         Yale University
  0 
  1   2   3   4   5   6   7   8   9  10  11  12  13  14  15 
 16  17  18  19  20  21  22  23  24  25  26  27  28  29  30 
 31  32  33  34  35  36  37  38  39  40  41  42  43  44  45 
 46  47  48  49  50  51  52  53  54  55  56  57  58  59  60 
 61  62  63  64  65  66  67  68  69  70  71  72  73  74  75 
 76  77  78  79  80  81  82  83  84  85  86  87  88  89  90 
 91  92  93  94  95  96  97  98  99 100 101 102 103 104 105 
106 107 108 109 110 111 112 113 114 115 116 117 118 119 120 
121 122 123 124 125 126 127 128 129 130 131 132 133 134 135 
136 137 138 139 140 141 142 143 144 145 146 147 148 149 150 
151 152 153 154 155 156 157 158 
 block left edge is at -239
 the longest block length is 41840
 building the steiner trees
 rebuilding the steiner tree

----start doing coarse global routing ------ 
 ITERATION  1

  longest Row is:24   Its length is:41200
 doing feed-through pins assignment
 building the net-tree now !
 set up the global routing grids
 the starting value of tracks =  727
 tracks = 708 at attempts =  1000
 tracks = 693 at attempts =  2000
 tracks = 688 at attempts =  3000
 tracks = 687 at attempts =  4000
 tracks = 684 at attempts =  5000
 tracks = 680 at attempts =  6000
 tracks = 679 at attempts =  7000
 tracks = 678 at attempts =  8000
 tracks = 678 at attempts =  9000
 tracks = 677 at attempts = 10000
 tracks = 676 at attempts = 11000
 tracks = 676 at attempts = 12000
 tracks = 676 at attempts = 13000
 tracks = 675 at attempts = 14000
 tracks = 675 at attempts = 15000
 tracks = 675 at attempts = 16000
 tracks = 675 at attempts = 17000
 tracks = 675 at attempts = 18000
 tracks = 675 at attempts = 19000
 tracks = 675 at attempts = 20000
 tracks = 675 at attempts = 21000
 tracks = 675 at attempts = 22000
 tracks = 675 at attempts = 23000
 tracks = 675 at attempts = 24000
 tracks = 675 at attempts = 25000
 tracks = 675 at attempts = 26000
 tracks = 675 at attempts = 27000
 tracks = 675 at attempts = 28000
 tracks = 675 at attempts = 29000
 tracks = 674 at attempts = 30000
 tracks = 674 at attempts = 31000
 tracks = 674 at attempts = 32000
 tracks = 674 at attempts = 33000
 tracks = 674 at attempts = 34000
 tracks = 674 at attempts = 35000
 tracks = 674 at attempts = 36000
 tracks = 674 at attempts = 37000
 tracks = 674 at attempts = 38000
 tracks = 674 at attempts = 39000
 tracks = 674 at attempts = 40000
 tracks = 674 at attempts = 41000
 tracks = 674 at attempts = 42000
 tracks = 674 at attempts = 43000
 tracks = 674 at attempts = 44000
 tracks = 674 at attempts = 45000
 tracks = 674 at attempts = 46000
 tracks = 674 at attempts = 47000
 tracks = 674 at attempts = 48000
 tracks = 674 at attempts = 49000
 tracks = 674 at attempts = 50000
 tracks = 674 at attempts = 51000
 tracks = 674 at attempts = 52000
 tracks = 674 at attempts = 53000
 tracks = 674 at attempts = 54000
 tracks = 674 at attempts = 55000
 tracks = 674 at attempts = 56000
 tracks = 674 at attempts = 57000
 tracks = 674 at attempts = 58000
 tracks = 674 at attempts = 59000
 tracks = 674 at attempts = 60000
 tracks = 674 at attempts = 61000
 tracks = 674 at attempts = 62000
 tracks = 674 at attempts = 63000
 tracks = 674 at attempts = 64000
 tracks = 674 at attempts = 65000
 tracks = 674 at attempts = 66000
 tracks = 674 at attempts = 67000
 tracks = 674 at attempts = 68000
 tracks = 674 at attempts = 69000
 tracks = 674 at attempts = 70000
 tracks = 674 at attempts = 71000
 tracks = 674 at attempts = 72000
 tracks = 674 at attempts = 73000
 tracks = 674 at attempts = 74000
 tracks = 674 at attempts = 75000
 removing redundant feed-through pins
 the connectivity of all the nets is verified

 block left edge is at -239
 the longest block length is 41840
 building the steiner trees
 rebuilding the steiner tree

----start doing coarse global routing ------ 
 ITERATION  1

  longest Row is:24   Its length is:41200
 doing feed-through pins assignment
 building the net-tree now !
 set up the global routing grids
 the starting value of tracks =  704
 tracks = 683 at attempts =  1000
 tracks = 669 at attempts =  2000
 tracks = 660 at attempts =  3000
 tracks = 657 at attempts =  4000
 tracks = 652 at attempts =  5000
 tracks = 649 at attempts =  6000
 tracks = 647 at attempts =  7000
 tracks = 646 at attempts =  8000
 tracks = 646 at attempts =  9000
 tracks = 645 at attempts = 10000
 tracks = 643 at attempts = 11000
 tracks = 643 at attempts = 12000
 tracks = 643 at attempts = 13000
 tracks = 643 at attempts = 14000
 tracks = 643 at attempts = 15000
 tracks = 643 at attempts = 16000
 tracks = 642 at attempts = 17000
 tracks = 641 at attempts = 18000
 tracks = 641 at attempts = 19000
 tracks = 641 at attempts = 20000
 tracks = 641 at attempts = 21000
 tracks = 641 at attempts = 22000
 tracks = 641 at attempts = 23000
 tracks = 641 at attempts = 24000
 tracks = 641 at attempts = 25000
 tracks = 641 at attempts = 26000
 tracks = 641 at attempts = 27000
 tracks = 641 at attempts = 28000
 tracks = 641 at attempts = 29000
 tracks = 641 at attempts = 30000
 tracks = 641 at attempts = 31000
 tracks = 641 at attempts = 32000
 tracks = 641 at attempts = 33000
 tracks = 641 at attempts = 34000
 tracks = 641 at attempts = 35000
 tracks = 641 at attempts = 36000
 tracks = 641 at attempts = 37000
 tracks = 641 at attempts = 38000
 tracks = 641 at attempts = 39000
 tracks = 641 at attempts = 40000
 tracks = 641 at attempts = 41000
 tracks = 641 at attempts = 42000
 tracks = 641 at attempts = 43000
 tracks = 641 at attempts = 44000
 tracks = 640 at attempts = 45000
 tracks = 640 at attempts = 46000
 tracks = 640 at attempts = 47000
 tracks = 640 at attempts = 48000
 tracks = 640 at attempts = 49000
 tracks = 640 at attempts = 50000
 tracks = 640 at attempts = 51000
 tracks = 640 at attempts = 52000
 tracks = 640 at attempts = 53000
 tracks = 640 at attempts = 54000
 tracks = 640 at attempts = 55000
 tracks = 640 at attempts = 56000
 tracks = 640 at attempts = 57000
 tracks = 640 at attempts = 58000
 tracks = 640 at attempts = 59000
 tracks = 640 at attempts = 60000
 tracks = 640 at attempts = 61000
 tracks = 640 at attempts = 62000
 tracks = 640 at attempts = 63000
 tracks = 640 at attempts = 64000
 tracks = 640 at attempts = 65000
 tracks = 640 at attempts = 66000
 tracks = 640 at attempts = 67000
 tracks = 640 at attempts = 68000
 tracks = 640 at attempts = 69000
 tracks = 640 at attempts = 70000
 tracks = 640 at attempts = 71000
 tracks = 640 at attempts = 72000
 tracks = 640 at attempts = 73000
 tracks = 640 at attempts = 74000
 tracks = 640 at attempts = 75000
 removing redundant feed-through pins
 the connectivity of all the nets is verified

 block left edge is at -239
 the longest block length is 41840
 building the steiner trees
 rebuilding the steiner tree

----start doing coarse global routing ------ 
 ITERATION  1

  longest Row is:24   Its length is:41200
 doing feed-through pins assignment
 building the net-tree now !
 set up the global routing grids
 the starting value of tracks =  712
 tracks = 691 at attempts =  1000
 tracks = 687 at attempts =  2000
 tracks = 683 at attempts =  3000
 tracks = 680 at attempts =  4000
 tracks = 678 at attempts =  5000
 tracks = 672 at attempts =  6000
 tracks = 670 at attempts =  7000
 tracks = 668 at attempts =  8000
 tracks = 667 at attempts =  9000
 tracks = 666 at attempts = 10000
 tracks = 666 at attempts = 11000
 tracks = 666 at attempts = 12000
 tracks = 666 at attempts = 13000
 tracks = 666 at attempts = 14000
 tracks = 664 at attempts = 15000
 tracks = 663 at attempts = 16000
 tracks = 663 at attempts = 17000
 tracks = 663 at attempts = 18000
 tracks = 663 at attempts = 19000
 tracks = 663 at attempts = 20000
 tracks = 663 at attempts = 21000
 tracks = 663 at attempts = 22000
 tracks = 663 at attempts = 23000
 tracks = 663 at attempts = 24000
 tracks = 663 at attempts = 25000
 tracks = 663 at attempts = 26000
 tracks = 663 at attempts = 27000
 tracks = 663 at attempts = 28000
 tracks = 663 at attempts = 29000
 tracks = 663 at attempts = 30000
 tracks = 663 at attempts = 31000
 tracks = 663 at attempts = 32000
 tracks = 663 at attempts = 33000
 tracks = 663 at attempts = 34000
 tracks = 663 at attempts = 35000
 tracks = 663 at attempts = 36000
 tracks = 663 at attempts = 37000
 tracks = 663 at attempts = 38000
 tracks = 663 at attempts = 39000
 tracks = 663 at attempts = 40000
 tracks = 663 at attempts = 41000
 tracks = 663 at attempts = 42000
 tracks = 663 at attempts = 43000
 tracks = 663 at attempts = 44000
 tracks = 663 at attempts = 45000
 tracks = 663 at attempts = 46000
 tracks = 663 at attempts = 47000
 tracks = 663 at attempts = 48000
 tracks = 663 at attempts = 49000
 tracks = 663 at attempts = 50000
 tracks = 663 at attempts = 51000
 tracks = 663 at attempts = 52000
 tracks = 663 at attempts = 53000
 tracks = 663 at attempts = 54000
 tracks = 663 at attempts = 55000
 tracks = 663 at attempts = 56000
 tracks = 663 at attempts = 57000
 tracks = 663 at attempts = 58000
 tracks = 663 at attempts = 59000
 tracks = 663 at attempts = 60000
 tracks = 663 at attempts = 61000
 tracks = 663 at attempts = 62000
 tracks = 663 at attempts = 63000
 tracks = 663 at attempts = 64000
 tracks = 663 at attempts = 65000
 tracks = 663 at attempts = 66000
 tracks = 663 at attempts = 67000
 tracks = 663 at attempts = 68000
 tracks = 663 at attempts = 69000
 tracks = 663 at attempts = 70000
 tracks = 663 at attempts = 71000
 tracks = 663 at attempts = 72000
 tracks = 663 at attempts = 73000
 tracks = 663 at attempts = 74000
 tracks = 663 at attempts = 75000
 removing redundant feed-through pins
 the connectivity of all the nets is verified

 block left edge is at -239
 the longest block length is 41840
 building the steiner trees
 rebuilding the steiner tree

----start doing coarse global routing ------ 
 ITERATION  1

  longest Row is:24   Its length is:41200
 doing feed-through pins assignment
 building the net-tree now !
 set up the global routing grids
 the starting value of tracks =  621
 tracks = 619 at attempts =  1000
 tracks = 616 at attempts =  2000
 tracks = 615 at attempts =  3000
 tracks = 614 at attempts =  4000
 tracks = 614 at attempts =  5000
 tracks = 613 at attempts =  6000
 tracks = 613 at attempts =  7000
 tracks = 611 at attempts =  8000
 tracks = 611 at attempts =  9000
 tracks = 611 at attempts = 10000
 tracks = 611 at attempts = 11000
 tracks = 611 at attempts = 12000
 tracks = 611 at attempts = 13000
 tracks = 611 at attempts = 14000
 tracks = 611 at attempts = 15000
 tracks = 611 at attempts = 16000
 tracks = 611 at attempts = 17000
 tracks = 611 at attempts = 18000
 tracks = 611 at attempts = 19000
 tracks = 611 at attempts = 20000
 tracks = 611 at attempts = 21000
 tracks = 611 at attempts = 22000
 tracks = 611 at attempts = 23000
 tracks = 611 at attempts = 24000
 tracks = 611 at attempts = 25000
 tracks = 611 at attempts = 26000
 tracks = 611 at attempts = 27000
 tracks = 611 at attempts = 28000
 tracks = 611 at attempts = 29000
 tracks = 611 at attempts = 30000
 tracks = 611 at attempts = 31000
 tracks = 611 at attempts = 32000
 tracks = 611 at attempts = 33000
 tracks = 611 at attempts = 34000
 tracks = 611 at attempts = 35000
 tracks = 611 at attempts = 36000
 tracks = 611 at attempts = 37000
 tracks = 611 at attempts = 38000
 tracks = 611 at attempts = 39000
 tracks = 611 at attempts = 40000
 tracks = 611 at attempts = 41000
 tracks = 611 at attempts = 42000
 tracks = 611 at attempts = 43000
 tracks = 611 at attempts = 44000
 tracks = 611 at attempts = 45000
 tracks = 611 at attempts = 46000
 tracks = 611 at attempts = 47000
 tracks = 611 at attempts = 48000
 tracks = 611 at attempts = 49000
 tracks = 611 at attempts = 50000
 tracks = 611 at attempts = 51000
 tracks = 611 at attempts = 52000
 tracks = 611 at attempts = 53000
 tracks = 611 at attempts = 54000
 tracks = 611 at attempts = 55000
 tracks = 611 at attempts = 56000
 tracks = 611 at attempts = 57000
 tracks = 611 at attempts = 58000
 tracks = 611 at attempts = 59000
 tracks = 611 at attempts = 60000
 tracks = 611 at attempts = 61000
 tracks = 611 at attempts = 62000
 tracks = 611 at attempts = 63000
 tracks = 611 at attempts = 64000
 tracks = 611 at attempts = 65000
 tracks = 611 at attempts = 66000
 tracks = 611 at attempts = 67000
 tracks = 611 at attempts = 68000
 tracks = 611 at attempts = 69000
 tracks = 611 at attempts = 70000
 tracks = 611 at attempts = 71000
 tracks = 611 at attempts = 72000
 tracks = 611 at attempts = 73000
 tracks = 611 at attempts = 74000
 tracks = 611 at attempts = 75000
 removing redundant feed-through pins
 the connectivity of all the nets is verified

 block left edge is at -239
 the longest block length is 41840
 building the steiner trees
 rebuilding the steiner tree

----start doing coarse global routing ------ 
 ITERATION  1

  longest Row is:24   Its length is:41200
 doing feed-through pins assignment
 building the net-tree now !
 set up the global routing grids
 the starting value of tracks =  677
 tracks = 661 at attempts =  1000
 tracks = 652 at attempts =  2000
 tracks = 639 at attempts =  3000
 tracks = 636 at attempts =  4000
 tracks = 635 at attempts =  5000
 tracks = 630 at attempts =  6000
 tracks = 628 at attempts =  7000
 tracks = 626 at attempts =  8000
 tracks = 624 at attempts =  9000
 tracks = 624 at attempts = 10000
 tracks = 624 at attempts = 11000
 tracks = 624 at attempts = 12000
 tracks = 624 at attempts = 13000
 tracks = 624 at attempts = 14000
 tracks = 623 at attempts = 15000
 tracks = 623 at attempts = 16000
 tracks = 623 at attempts = 17000
 tracks = 623 at attempts = 18000
 tracks = 623 at attempts = 19000
 tracks = 623 at attempts = 20000
 tracks = 623 at attempts = 21000
 tracks = 623 at attempts = 22000
 tracks = 623 at attempts = 23000
 tracks = 622 at attempts = 24000
 tracks = 622 at attempts = 25000
 tracks = 622 at attempts = 26000
 tracks = 622 at attempts = 27000
 tracks = 622 at attempts = 28000
 tracks = 622 at attempts = 29000
 tracks = 622 at attempts = 30000
 tracks = 622 at attempts = 31000
 tracks = 622 at attempts = 32000
 tracks = 622 at attempts = 33000
 tracks = 622 at attempts = 34000
 tracks = 622 at attempts = 35000
 tracks = 622 at attempts = 36000
 tracks = 622 at attempts = 37000
 tracks = 622 at attempts = 38000
 tracks = 622 at attempts = 39000
 tracks = 622 at attempts = 40000
 tracks = 622 at attempts = 41000
 tracks = 622 at attempts = 42000
 tracks = 622 at attempts = 43000
 tracks = 622 at attempts = 44000
 tracks = 622 at attempts = 45000
 tracks = 622 at attempts = 46000
 tracks = 622 at attempts = 47000
 tracks = 622 at attempts = 48000
 tracks = 622 at attempts = 49000
 tracks = 622 at attempts = 50000
 tracks = 622 at attempts = 51000
 tracks = 622 at attempts = 52000
 tracks = 622 at attempts = 53000
 tracks = 622 at attempts = 54000
 tracks = 622 at attempts = 55000
 tracks = 622 at attempts = 56000
 tracks = 622 at attempts = 57000
 tracks = 622 at attempts = 58000
 tracks = 622 at attempts = 59000
 tracks = 622 at attempts = 60000
 tracks = 622 at attempts = 61000
 tracks = 622 at attempts = 62000
 tracks = 622 at attempts = 63000
 tracks = 622 at attempts = 64000
 tracks = 622 at attempts = 65000
 tracks = 622 at attempts = 66000
 tracks = 622 at attempts = 67000
 tracks = 622 at attempts = 68000
 tracks = 622 at attempts = 69000
 tracks = 622 at attempts = 70000
 tracks = 622 at attempts = 71000
 tracks = 622 at attempts = 72000
 tracks = 622 at attempts = 73000
 tracks = 622 at attempts = 74000
 tracks = 622 at attempts = 75000
 removing redundant feed-through pins
 the connectivity of all the nets is verified

 block left edge is at -239
 the longest block length is 41840
 building the steiner trees
 rebuilding the steiner tree

----start doing coarse global routing ------ 
 ITERATION  1

  longest Row is:24   Its length is:41200
 doing feed-through pins assignment
 building the net-tree now !
 set up the global routing grids
 the starting value of tracks =  690
 tracks = 673 at attempts =  1000
 tracks = 661 at attempts =  2000
 tracks = 655 at attempts =  3000
 tracks = 652 at attempts =  4000
 tracks = 648 at attempts =  5000
 tracks = 647 at attempts =  6000
 tracks = 645 at attempts =  7000
 tracks = 642 at attempts =  8000
 tracks = 640 at attempts =  9000
 tracks = 639 at attempts = 10000
 tracks = 638 at attempts = 11000
 tracks = 638 at attempts = 12000
 tracks = 638 at attempts = 13000
 tracks = 638 at attempts = 14000
 tracks = 638 at attempts = 15000
 tracks = 638 at attempts = 16000
 tracks = 638 at attempts = 17000
 tracks = 638 at attempts = 18000
 tracks = 638 at attempts = 19000
 tracks = 638 at attempts = 20000
 tracks = 638 at attempts = 21000
 tracks = 638 at attempts = 22000
 tracks = 638 at attempts = 23000
 tracks = 638 at attempts = 24000
 tracks = 638 at attempts = 25000
 tracks = 638 at attempts = 26000
 tracks = 638 at attempts = 27000
 tracks = 638 at attempts = 28000
 tracks = 638 at attempts = 29000
 tracks = 638 at attempts = 30000
 tracks = 638 at attempts = 31000
 tracks = 638 at attempts = 32000
 tracks = 638 at attempts = 33000
 tracks = 638 at attempts = 34000
 tracks = 638 at attempts = 35000
 tracks = 638 at attempts = 36000
 tracks = 638 at attempts = 37000
 tracks = 638 at attempts = 38000
 tracks = 638 at attempts = 39000
 tracks = 638 at attempts = 40000
 tracks = 638 at attempts = 41000
 tracks = 638 at attempts = 42000
 tracks = 638 at attempts = 43000
 tracks = 638 at attempts = 44000
 tracks = 638 at attempts = 45000
 tracks = 638 at attempts = 46000
 tracks = 638 at attempts = 47000
 tracks = 638 at attempts = 48000
 tracks = 638 at attempts = 49000
 tracks = 638 at attempts = 50000
 tracks = 638 at attempts = 51000
 tracks = 638 at attempts = 52000
 tracks = 638 at attempts = 53000
 tracks = 638 at attempts = 54000
 tracks = 638 at attempts = 55000
 tracks = 638 at attempts = 56000
 tracks = 638 at attempts = 57000
 tracks = 638 at attempts = 58000
 tracks = 638 at attempts = 59000
 tracks = 638 at attempts = 60000
 tracks = 638 at attempts = 61000
 tracks = 638 at attempts = 62000
 tracks = 638 at attempts = 63000
 tracks = 638 at attempts = 64000
 tracks = 638 at attempts = 65000
 tracks = 638 at attempts = 66000
 tracks = 638 at attempts = 67000
 tracks = 638 at attempts = 68000
 tracks = 638 at attempts = 69000
 tracks = 638 at attempts = 70000
 tracks = 638 at attempts = 71000
 tracks = 638 at attempts = 72000
 tracks = 638 at attempts = 73000
 tracks = 638 at attempts = 74000
 tracks = 638 at attempts = 75000
 removing redundant feed-through pins
 the connectivity of all the nets is verified

 block left edge is at -239
 the longest block length is 41840
 building the steiner trees
 rebuilding the steiner tree

----start doing coarse global routing ------ 
 ITERATION  1

  longest Row is:24   Its length is:41200
 doing feed-through pins assignment
 building the net-tree now !
 set up the global routing grids
 the starting value of tracks =  670
 tracks = 652 at attempts =  1000
 tracks = 641 at attempts =  2000
 tracks = 635 at attempts =  3000
 tracks = 635 at attempts =  4000
 tracks = 633 at attempts =  5000
 tracks = 633 at attempts =  6000
 tracks = 630 at attempts =  7000
 tracks = 627 at attempts =  8000
 tracks = 627 at attempts =  9000
 tracks = 626 at attempts = 10000
 tracks = 626 at attempts = 11000
 tracks = 625 at attempts = 12000
 tracks = 624 at attempts = 13000
 tracks = 624 at attempts = 14000
 tracks = 624 at attempts = 15000
 tracks = 624 at attempts = 16000
 tracks = 623 at attempts = 17000
 tracks = 623 at attempts = 18000
 tracks = 623 at attempts = 19000
 tracks = 623 at attempts = 20000
 tracks = 623 at attempts = 21000
 tracks = 623 at attempts = 22000
 tracks = 623 at attempts = 23000
 tracks = 623 at attempts = 24000
 tracks = 623 at attempts = 25000
 tracks = 623 at attempts = 26000
 tracks = 623 at attempts = 27000
 tracks = 623 at attempts = 28000
 tracks = 623 at attempts = 29000
 tracks = 623 at attempts = 30000
 tracks = 623 at attempts = 31000
 tracks = 623 at attempts = 32000
 tracks = 623 at attempts = 33000
 tracks = 623 at attempts = 34000
 tracks = 623 at attempts = 35000
 tracks = 623 at attempts = 36000
 tracks = 623 at attempts = 37000
 tracks = 623 at attempts = 38000
 tracks = 623 at attempts = 39000
 tracks = 623 at attempts = 40000
 tracks = 623 at attempts = 41000
 tracks = 623 at attempts = 42000
 tracks = 623 at attempts = 43000
 tracks = 623 at attempts = 44000
 tracks = 623 at attempts = 45000
 tracks = 623 at attempts = 46000
 tracks = 623 at attempts = 47000
 tracks = 623 at attempts = 48000
 tracks = 623 at attempts = 49000
 tracks = 623 at attempts = 50000
 tracks = 623 at attempts = 51000
 tracks = 623 at attempts = 52000
 tracks = 623 at attempts = 53000
 tracks = 623 at attempts = 54000
 tracks = 623 at attempts = 55000
 tracks = 623 at attempts = 56000
 tracks = 623 at attempts = 57000
 tracks = 623 at attempts = 58000
 tracks = 623 at attempts = 59000
 tracks = 623 at attempts = 60000
 tracks = 623 at attempts = 61000
 tracks = 623 at attempts = 62000
 tracks = 623 at attempts = 63000
 tracks = 623 at attempts = 64000
 tracks = 623 at attempts = 65000
 tracks = 623 at attempts = 66000
 tracks = 623 at attempts = 67000
 tracks = 623 at attempts = 68000
 tracks = 623 at attempts = 69000
 tracks = 623 at attempts = 70000
 tracks = 623 at attempts = 71000
 tracks = 623 at attempts = 72000
 tracks = 623 at attempts = 73000
 tracks = 623 at attempts = 74000
 tracks = 623 at attempts = 75000
 removing redundant feed-through pins
 the connectivity of all the nets is verified

 block left edge is at -239
 the longest block length is 41840
 building the steiner trees
 rebuilding the steiner tree

----start doing coarse global routing ------ 
 ITERATION  1

  longest Row is:24   Its length is:41200
 doing feed-through pins assignment
 building the net-tree now !
 set up the global routing grids
 the starting value of tracks =  615
 tracks = 613 at attempts =  1000
 tracks = 613 at attempts =  2000
 tracks = 612 at attempts =  3000
 tracks = 611 at attempts =  4000
 tracks = 611 at attempts =  5000
 tracks = 611 at attempts =  6000
 tracks = 611 at attempts =  7000
 tracks = 611 at attempts =  8000
 tracks = 610 at attempts =  9000
 tracks = 609 at attempts = 10000
 tracks = 608 at attempts = 11000
 tracks = 608 at attempts = 12000
 tracks = 608 at attempts = 13000
 tracks = 608 at attempts = 14000
 tracks = 608 at attempts = 15000
 tracks = 608 at attempts = 16000
 tracks = 608 at attempts = 17000
 tracks = 608 at attempts = 18000
 tracks = 608 at attempts = 19000
 tracks = 608 at attempts = 20000
 tracks = 608 at attempts = 21000
 tracks = 608 at attempts = 22000
 tracks = 608 at attempts = 23000
 tracks = 608 at attempts = 24000
 tracks = 608 at attempts = 25000
 tracks = 608 at attempts = 26000
 tracks = 608 at attempts = 27000
 tracks = 608 at attempts = 28000
 tracks = 608 at attempts = 29000
 tracks = 608 at attempts = 30000
 tracks = 608 at attempts = 31000
 tracks = 608 at attempts = 32000
 tracks = 608 at attempts = 33000
 tracks = 608 at attempts = 34000
 tracks = 608 at attempts = 35000
 tracks = 608 at attempts = 36000
 tracks = 608 at attempts = 37000
 tracks = 608 at attempts = 38000
 tracks = 608 at attempts = 39000
 tracks = 608 at attempts = 40000
 tracks = 608 at attempts = 41000
 tracks = 608 at attempts = 42000
 tracks = 608 at attempts = 43000
 tracks = 608 at attempts = 44000
 tracks = 608 at attempts = 45000
 tracks = 608 at attempts = 46000
 tracks = 608 at attempts = 47000
 tracks = 608 at attempts = 48000
 tracks = 608 at attempts = 49000
 tracks = 608 at attempts = 50000
 tracks = 608 at attempts = 51000
 tracks = 608 at attempts = 52000
 tracks = 608 at attempts = 53000
 tracks = 608 at attempts = 54000
 tracks = 608 at attempts = 55000
 tracks = 608 at attempts = 56000
 tracks = 608 at attempts = 57000
 tracks = 608 at attempts = 58000
 tracks = 608 at attempts = 59000
 tracks = 608 at attempts = 60000
 tracks = 608 at attempts = 61000
 tracks = 608 at attempts = 62000
 tracks = 608 at attempts = 63000
 tracks = 608 at attempts = 64000
 tracks = 608 at attempts = 65000
 tracks = 608 at attempts = 66000
 tracks = 608 at attempts = 67000
 tracks = 608 at attempts = 68000
 tracks = 608 at attempts = 69000
 tracks = 608 at attempts = 70000
 tracks = 608 at attempts = 71000
 tracks = 608 at attempts = 72000
 tracks = 608 at attempts = 73000
 tracks = 608 at attempts = 74000
 tracks = 608 at attempts = 75000
 removing redundant feed-through pins
 the connectivity of all the nets is verified


***********************************************
*ACTUAL* FINAL NUMBER OF ROUTING TRACKS: 608
***********************************************


TimberWolfSC terminated abnormally with 1 error[s] and 1 warning[s]


twflow terminated abnormally with 1 error[s] and 0 warning[s]

Running getantennacell to determine cell to use for antenna anchors.
getantennacell.tcl spi_top  /usr/local/share/qflow/tech/osu018/osu018_stdcells.lef 
Running getfillcell to determine cell to use for fill.
getfillcell.tcl spi_top  /usr/local/share/qflow/tech/osu018/osu018_stdcells.lef FILL
Using cell FILL for fill
Running place2def to translate graywolf output to DEF format.
place2def.tcl spi_top FILL 
Running place2def.tcl
DEF database: 100 units per micron
Limits: xbot = -535.0 ybot = -465.0 xtop = 41255.0 ytop = 30165.0
Core values: 40 50 41240 30050
Offsets: 40 50
6 routing layers
307 horizontal tracks from -300.0 to 30400.0 step 100 (M1, M3, ...)
523 vertical tracks from -320.0 to 41520.0 step 80 (M2, M4, ...)
Summary: Total components = 2961
  Fill cells  = 0
  Other cells = 2961
Done with place2def.tcl
Running addspacers to generate power stripes and align cell right edge
addspacers -stripe 2.0 50.0 PG  -p vdd -g gnd -f FILL -O   -l  /usr/local/share/qflow/tech/osu018/osu018_stdcells.lef -o spi_top_filled.def spi_top
Stripe pitch requested = 50, stripe pitch used = 50.4
Stripe width requested = 2, stripe width used = 2.4
Initial core layout: (40 50) to (41240 30050) (scale um * 100)
Running arrangepins to adjust pin positions for optimal routing.
arrangepins.tcl  spi_top
Reading info file spi_top.info. . .
Reading DEF file spi_top.def. . .
Warning: pin wb_adr_i[1] has no bounding box.
Warning: pin wb_adr_i[0] has no bounding box.
Recalculating pin positions
Writing DEF file spi_top_mod.def. . .
Done with arrangepins.tcl
DEF2Verilog -v /home/hriddhima/qflow_spi/synthesis/spi_top.rtlnopwr.v -o /home/hriddhima/qflow_spi/synthesis/spi_top_anno.v
-p vdd -g gnd  -l  /usr/local/share/qflow/tech/osu018/osu018_stdcells.lef spi_top.def

Generating RTL verilog and SPICE netlist file in directory
   /home/hriddhima/qflow_spi/synthesis
Files:
   Verilog: /home/hriddhima/qflow_spi/synthesis/spi_top.rtl.v
   Verilog: /home/hriddhima/qflow_spi/synthesis/spi_top.rtlnopwr.v
   Verilog: /home/hriddhima/qflow_spi/synthesis/spi_top.rtlbb.v
   Spice:   /home/hriddhima/qflow_spi/synthesis/spi_top.spc

Running vlog2Verilog.
vlog2Verilog -c -v vdd -g gnd -o spi_top.rtl.v spi_top_anno.v
vlog2Verilog -c -p -v vdd -g gnd -o spi_top.rtlnopwr.v spi_top_anno.v
vlog2Verilog -c -b -p -n -v vdd -g gnd -o spi_top.rtlbb.v spi_top_anno.v
Running vlog2Spice.
vlog2Spice -i -l  /usr/local/share/qflow/tech/osu018/osu018_stdcells.sp -o spi_top.spc spi_top.rtl.v
Placement script ended on Thu Jun 25 02:30:30 PM UTC 2026
