Qflow static timing analysis logfile created on Thu Jun 25 02:33:23 PM UTC 2026
Running vesta static timing analysis
vesta --summary reports --long spi_top.rtlnopwr.v /usr/local/share/qflow/tech/osu018/osu018_stdcells.lib
----------------------------------------------
Vesta static timing analysis tool
for qflow 1.4.104
(c) 2013-2018 Tim Edwards, Open Circuit Design
----------------------------------------------

Parsing library "osu018_stdcells"
End of library at line 6141
Lib read /usr/local/share/qflow/tech/osu018/osu018_stdcells.lib:  Processed 6142 lines.
Parsing module "spi_top"
Verilog netlist read:  Processed 24184 lines.
Number of paths analyzed:  317

Top 20 maximum delay paths:
Path _2722_/CLK to _4862_/D delay 3717.52 ps
      0.0 ps            wb_clk_i_bF$buf3: CLKBUF1_insert124/Y ->          _2722_/CLK
      0.0 ps          \shift.rx_negedge :            _2722_/Q ->  BUFX2_insert66/A
    151.7 ps  \shift.rx_negedge_bF$buf2 :    BUFX2_insert66/Y ->          _3003_/A
    293.7 ps                      _1691_:            _3003_/Y ->          _3004_/B
    443.9 ps                      _1692_:            _3004_/Y ->          _3015_/B
    619.0 ps                      _1703_:            _3015_/Y ->          _3038_/B
    817.1 ps                      _1726_:            _3038_/Y ->          _3045_/A
   1030.5 ps                      _1733_:            _3045_/Y ->          _3067_/A
   1158.0 ps                      _1755_:            _3067_/Y ->          _3068_/A
   1473.2 ps                      _1756_:            _3068_/Y ->          _3077_/B
   1740.6 ps                      _1765_:            _3077_/Y ->          _3084_/A
   1945.4 ps                      _1772_:            _3084_/Y ->          _3085_/B
   2077.6 ps                      _1773_:            _3085_/Y ->          _3100_/A
   2249.9 ps                      _1788_:            _3100_/Y ->          _3461_/B
   2500.6 ps                      _2149_:            _3461_/Y -> BUFX2_insert148/A
   2859.4 ps              _2149__bF$buf9:   BUFX2_insert148/Y ->          _3462_/A
   2968.3 ps                      _2150_:            _3462_/Y ->  BUFX2_insert54/A
   3238.6 ps             _2150__bF$buf10:    BUFX2_insert54/Y ->          _3989_/B
   3366.7 ps                       _918_:            _3989_/Y ->          _3990_/C
   3450.6 ps                       _919_:            _3990_/Y ->          _3992_/B
   3532.6 ps                       _921_:            _3992_/Y ->          _3993_/A
   3608.0 ps                       _508_:            _3993_/Y ->          _4862_/D

   clock skew at destination = 9.0519
   setup at destination = 100.52

Path _2722_/CLK to _4812_/D delay 3717.52 ps
      0.0 ps            wb_clk_i_bF$buf3: CLKBUF1_insert124/Y ->          _2722_/CLK
      0.0 ps          \shift.rx_negedge :            _2722_/Q ->  BUFX2_insert66/A
    151.7 ps  \shift.rx_negedge_bF$buf2 :    BUFX2_insert66/Y ->          _3003_/A
    293.7 ps                      _1691_:            _3003_/Y ->          _3004_/B
    443.9 ps                      _1692_:            _3004_/Y ->          _3015_/B
    619.0 ps                      _1703_:            _3015_/Y ->          _3038_/B
    817.1 ps                      _1726_:            _3038_/Y ->          _3045_/A
   1030.5 ps                      _1733_:            _3045_/Y ->          _3067_/A
   1158.0 ps                      _1755_:            _3067_/Y ->          _3068_/A
   1473.2 ps                      _1756_:            _3068_/Y ->          _3077_/B
   1740.6 ps                      _1765_:            _3077_/Y ->          _3084_/A
   1945.4 ps                      _1772_:            _3084_/Y ->          _3085_/B
   2077.6 ps                      _1773_:            _3085_/Y ->          _3100_/A
   2249.9 ps                      _1788_:            _3100_/Y ->          _3461_/B
   2500.6 ps                      _2149_:            _3461_/Y -> BUFX2_insert148/A
   2859.4 ps              _2149__bF$buf9:   BUFX2_insert148/Y ->          _3462_/A
   2968.3 ps                      _2150_:            _3462_/Y ->  BUFX2_insert54/A
   3238.6 ps             _2150__bF$buf10:    BUFX2_insert54/Y ->          _3485_/B
   3366.7 ps                      _2172_:            _3485_/Y ->          _3486_/C
   3450.6 ps                      _2173_:            _3486_/Y ->          _3489_/B
   3532.6 ps                      _2176_:            _3489_/Y ->          _3490_/A
   3608.0 ps                       _458_:            _3490_/Y ->          _4812_/D

   clock skew at destination = 9.0519
   setup at destination = 100.52

Path _2722_/CLK to _4853_/D delay 3717.42 ps
      0.0 ps            wb_clk_i_bF$buf3: CLKBUF1_insert124/Y ->          _2722_/CLK
      0.0 ps          \shift.rx_negedge :            _2722_/Q ->  BUFX2_insert66/A
    151.7 ps  \shift.rx_negedge_bF$buf2 :    BUFX2_insert66/Y ->          _3003_/A
    293.7 ps                      _1691_:            _3003_/Y ->          _3004_/B
    443.9 ps                      _1692_:            _3004_/Y ->          _3015_/B
    619.0 ps                      _1703_:            _3015_/Y ->          _3038_/B
    817.1 ps                      _1726_:            _3038_/Y ->          _3045_/A
   1030.5 ps                      _1733_:            _3045_/Y ->          _3067_/A
   1158.0 ps                      _1755_:            _3067_/Y ->          _3068_/A
   1473.2 ps                      _1756_:            _3068_/Y ->          _3077_/B
   1740.6 ps                      _1765_:            _3077_/Y ->          _3084_/A
   1945.4 ps                      _1772_:            _3084_/Y ->          _3085_/B
   2077.6 ps                      _1773_:            _3085_/Y ->          _3100_/A
   2249.9 ps                      _1788_:            _3100_/Y ->          _3461_/B
   2500.6 ps                      _2149_:            _3461_/Y -> BUFX2_insert148/A
   2859.4 ps              _2149__bF$buf9:   BUFX2_insert148/Y ->          _3462_/A
   2968.3 ps                      _2150_:            _3462_/Y ->  BUFX2_insert56/A
   3240.6 ps              _2150__bF$buf8:    BUFX2_insert56/Y ->          _3911_/B
   3369.2 ps                       _849_:            _3911_/Y ->          _3912_/C
   3453.2 ps                       _850_:            _3912_/Y ->          _3915_/B
   3535.3 ps                       _853_:            _3915_/Y ->          _3916_/A
   3610.6 ps                       _499_:            _3916_/Y ->          _4853_/D

   clock skew at destination = 5.34596
   setup at destination = 101.468

Path _2722_/CLK to _4869_/D delay 3717.42 ps
      0.0 ps            wb_clk_i_bF$buf3: CLKBUF1_insert124/Y ->          _2722_/CLK
      0.0 ps          \shift.rx_negedge :            _2722_/Q ->  BUFX2_insert66/A
    151.7 ps  \shift.rx_negedge_bF$buf2 :    BUFX2_insert66/Y ->          _3003_/A
    293.7 ps                      _1691_:            _3003_/Y ->          _3004_/B
    443.9 ps                      _1692_:            _3004_/Y ->          _3015_/B
    619.0 ps                      _1703_:            _3015_/Y ->          _3038_/B
    817.1 ps                      _1726_:            _3038_/Y ->          _3045_/A
   1030.5 ps                      _1733_:            _3045_/Y ->          _3067_/A
   1158.0 ps                      _1755_:            _3067_/Y ->          _3068_/A
   1473.2 ps                      _1756_:            _3068_/Y ->          _3077_/B
   1740.6 ps                      _1765_:            _3077_/Y ->          _3084_/A
   1945.4 ps                      _1772_:            _3084_/Y ->          _3085_/B
   2077.6 ps                      _1773_:            _3085_/Y ->          _3100_/A
   2249.9 ps                      _1788_:            _3100_/Y ->          _3461_/B
   2500.6 ps                      _2149_:            _3461_/Y -> BUFX2_insert148/A
   2859.4 ps              _2149__bF$buf9:   BUFX2_insert148/Y ->          _3462_/A
   2968.3 ps                      _2150_:            _3462_/Y ->  BUFX2_insert56/A
   3240.6 ps              _2150__bF$buf8:    BUFX2_insert56/Y ->          _4038_/B
   3369.2 ps                       _960_:            _4038_/Y ->          _4039_/C
   3453.2 ps                       _961_:            _4039_/Y ->          _4041_/B
   3535.3 ps                       _963_:            _4041_/Y ->          _4042_/A
   3610.6 ps                       _515_:            _4042_/Y ->          _4869_/D

   clock skew at destination = 5.34596
   setup at destination = 101.468

Path _2722_/CLK to _4854_/D delay 3717.42 ps
      0.0 ps            wb_clk_i_bF$buf3: CLKBUF1_insert124/Y ->          _2722_/CLK
      0.0 ps          \shift.rx_negedge :            _2722_/Q ->  BUFX2_insert66/A
    151.7 ps  \shift.rx_negedge_bF$buf2 :    BUFX2_insert66/Y ->          _3003_/A
    293.7 ps                      _1691_:            _3003_/Y ->          _3004_/B
    443.9 ps                      _1692_:            _3004_/Y ->          _3015_/B
    619.0 ps                      _1703_:            _3015_/Y ->          _3038_/B
    817.1 ps                      _1726_:            _3038_/Y ->          _3045_/A
   1030.5 ps                      _1733_:            _3045_/Y ->          _3067_/A
   1158.0 ps                      _1755_:            _3067_/Y ->          _3068_/A
   1473.2 ps                      _1756_:            _3068_/Y ->          _3077_/B
   1740.6 ps                      _1765_:            _3077_/Y ->          _3084_/A
   1945.4 ps                      _1772_:            _3084_/Y ->          _3085_/B
   2077.6 ps                      _1773_:            _3085_/Y ->          _3100_/A
   2249.9 ps                      _1788_:            _3100_/Y ->          _3461_/B
   2500.6 ps                      _2149_:            _3461_/Y -> BUFX2_insert148/A
   2859.4 ps              _2149__bF$buf9:   BUFX2_insert148/Y ->          _3462_/A
   2968.3 ps                      _2150_:            _3462_/Y ->  BUFX2_insert56/A
   3240.6 ps              _2150__bF$buf8:    BUFX2_insert56/Y ->          _3921_/B
   3369.2 ps                       _858_:            _3921_/Y ->          _3922_/C
   3453.2 ps                       _859_:            _3922_/Y ->          _3925_/B
   3535.3 ps                       _862_:            _3925_/Y ->          _3926_/A
   3610.6 ps                       _500_:            _3926_/Y ->          _4854_/D

   clock skew at destination = 5.34596
   setup at destination = 101.468

Path _2722_/CLK to _4870_/D delay 3717.42 ps
      0.0 ps            wb_clk_i_bF$buf3: CLKBUF1_insert124/Y ->          _2722_/CLK
      0.0 ps          \shift.rx_negedge :            _2722_/Q ->  BUFX2_insert66/A
    151.7 ps  \shift.rx_negedge_bF$buf2 :    BUFX2_insert66/Y ->          _3003_/A
    293.7 ps                      _1691_:            _3003_/Y ->          _3004_/B
    443.9 ps                      _1692_:            _3004_/Y ->          _3015_/B
    619.0 ps                      _1703_:            _3015_/Y ->          _3038_/B
    817.1 ps                      _1726_:            _3038_/Y ->          _3045_/A
   1030.5 ps                      _1733_:            _3045_/Y ->          _3067_/A
   1158.0 ps                      _1755_:            _3067_/Y ->          _3068_/A
   1473.2 ps                      _1756_:            _3068_/Y ->          _3077_/B
   1740.6 ps                      _1765_:            _3077_/Y ->          _3084_/A
   1945.4 ps                      _1772_:            _3084_/Y ->          _3085_/B
   2077.6 ps                      _1773_:            _3085_/Y ->          _3100_/A
   2249.9 ps                      _1788_:            _3100_/Y ->          _3461_/B
   2500.6 ps                      _2149_:            _3461_/Y -> BUFX2_insert148/A
   2859.4 ps              _2149__bF$buf9:   BUFX2_insert148/Y ->          _3462_/A
   2968.3 ps                      _2150_:            _3462_/Y ->  BUFX2_insert56/A
   3240.6 ps              _2150__bF$buf8:    BUFX2_insert56/Y ->          _4046_/B
   3369.2 ps                       _967_:            _4046_/Y ->          _4047_/C
   3453.2 ps                       _968_:            _4047_/Y ->          _4049_/B
   3535.3 ps                       _970_:            _4049_/Y ->          _4050_/A
   3610.6 ps                       _516_:            _4050_/Y ->          _4870_/D

   clock skew at destination = 5.34596
   setup at destination = 101.468

Path _2722_/CLK to _4871_/D delay 3717.42 ps
      0.0 ps            wb_clk_i_bF$buf3: CLKBUF1_insert124/Y ->          _2722_/CLK
      0.0 ps          \shift.rx_negedge :            _2722_/Q ->  BUFX2_insert66/A
    151.7 ps  \shift.rx_negedge_bF$buf2 :    BUFX2_insert66/Y ->          _3003_/A
    293.7 ps                      _1691_:            _3003_/Y ->          _3004_/B
    443.9 ps                      _1692_:            _3004_/Y ->          _3015_/B
    619.0 ps                      _1703_:            _3015_/Y ->          _3038_/B
    817.1 ps                      _1726_:            _3038_/Y ->          _3045_/A
   1030.5 ps                      _1733_:            _3045_/Y ->          _3067_/A
   1158.0 ps                      _1755_:            _3067_/Y ->          _3068_/A
   1473.2 ps                      _1756_:            _3068_/Y ->          _3077_/B
   1740.6 ps                      _1765_:            _3077_/Y ->          _3084_/A
   1945.4 ps                      _1772_:            _3084_/Y ->          _3085_/B
   2077.6 ps                      _1773_:            _3085_/Y ->          _3100_/A
   2249.9 ps                      _1788_:            _3100_/Y ->          _3461_/B
   2500.6 ps                      _2149_:            _3461_/Y -> BUFX2_insert148/A
   2859.4 ps              _2149__bF$buf9:   BUFX2_insert148/Y ->          _3462_/A
   2968.3 ps                      _2150_:            _3462_/Y ->  BUFX2_insert56/A
   3240.6 ps              _2150__bF$buf8:    BUFX2_insert56/Y ->          _4054_/B
   3369.2 ps                       _974_:            _4054_/Y ->          _4055_/C
   3453.2 ps                       _975_:            _4055_/Y ->          _4057_/B
   3535.3 ps                       _977_:            _4057_/Y ->          _4058_/A
   3610.6 ps                       _517_:            _4058_/Y ->          _4871_/D

   clock skew at destination = 5.34596
   setup at destination = 101.468

Path _2722_/CLK to _4852_/D delay 3717.42 ps
      0.0 ps            wb_clk_i_bF$buf3: CLKBUF1_insert124/Y ->          _2722_/CLK
      0.0 ps          \shift.rx_negedge :            _2722_/Q ->  BUFX2_insert66/A
    151.7 ps  \shift.rx_negedge_bF$buf2 :    BUFX2_insert66/Y ->          _3003_/A
    293.7 ps                      _1691_:            _3003_/Y ->          _3004_/B
    443.9 ps                      _1692_:            _3004_/Y ->          _3015_/B
    619.0 ps                      _1703_:            _3015_/Y ->          _3038_/B
    817.1 ps                      _1726_:            _3038_/Y ->          _3045_/A
   1030.5 ps                      _1733_:            _3045_/Y ->          _3067_/A
   1158.0 ps                      _1755_:            _3067_/Y ->          _3068_/A
   1473.2 ps                      _1756_:            _3068_/Y ->          _3077_/B
   1740.6 ps                      _1765_:            _3077_/Y ->          _3084_/A
   1945.4 ps                      _1772_:            _3084_/Y ->          _3085_/B
   2077.6 ps                      _1773_:            _3085_/Y ->          _3100_/A
   2249.9 ps                      _1788_:            _3100_/Y ->          _3461_/B
   2500.6 ps                      _2149_:            _3461_/Y -> BUFX2_insert148/A
   2859.4 ps              _2149__bF$buf9:   BUFX2_insert148/Y ->          _3462_/A
   2968.3 ps                      _2150_:            _3462_/Y ->  BUFX2_insert56/A
   3240.6 ps              _2150__bF$buf8:    BUFX2_insert56/Y ->          _3901_/B
   3369.2 ps                       _840_:            _3901_/Y ->          _3902_/C
   3453.2 ps                       _841_:            _3902_/Y ->          _3905_/B
   3535.3 ps                       _844_:            _3905_/Y ->          _3906_/A
   3610.6 ps                       _498_:            _3906_/Y ->          _4852_/D

   clock skew at destination = 5.34596
   setup at destination = 101.468

Path _2722_/CLK to _4814_/D delay 3716.2 ps
      0.0 ps            wb_clk_i_bF$buf3: CLKBUF1_insert124/Y ->          _2722_/CLK
      0.0 ps          \shift.rx_negedge :            _2722_/Q ->  BUFX2_insert66/A
    151.7 ps  \shift.rx_negedge_bF$buf2 :    BUFX2_insert66/Y ->          _3003_/A
    293.7 ps                      _1691_:            _3003_/Y ->          _3004_/B
    443.9 ps                      _1692_:            _3004_/Y ->          _3015_/B
    619.0 ps                      _1703_:            _3015_/Y ->          _3038_/B
    817.1 ps                      _1726_:            _3038_/Y ->          _3045_/A
   1030.5 ps                      _1733_:            _3045_/Y ->          _3067_/A
   1158.0 ps                      _1755_:            _3067_/Y ->          _3068_/A
   1473.2 ps                      _1756_:            _3068_/Y ->          _3077_/B
   1740.6 ps                      _1765_:            _3077_/Y ->          _3084_/A
   1945.4 ps                      _1772_:            _3084_/Y ->          _3085_/B
   2077.6 ps                      _1773_:            _3085_/Y ->          _3100_/A
   2249.9 ps                      _1788_:            _3100_/Y ->          _3461_/B
   2500.6 ps                      _2149_:            _3461_/Y -> BUFX2_insert148/A
   2859.4 ps              _2149__bF$buf9:   BUFX2_insert148/Y ->          _3462_/A
   2968.3 ps                      _2150_:            _3462_/Y ->  BUFX2_insert57/A
   3237.6 ps              _2150__bF$buf7:    BUFX2_insert57/Y ->          _3515_/B
   3365.4 ps                      _2200_:            _3515_/Y ->          _3516_/C
   3449.3 ps                      _2201_:            _3516_/Y ->          _3519_/B
   3531.3 ps                      _2204_:            _3519_/Y ->          _3520_/A
   3606.6 ps                       _460_:            _3520_/Y ->          _4814_/D

   clock skew at destination = 9.0519
   setup at destination = 100.52

Path _2722_/CLK to _4863_/D delay 3716.2 ps
      0.0 ps            wb_clk_i_bF$buf3: CLKBUF1_insert124/Y ->          _2722_/CLK
      0.0 ps          \shift.rx_negedge :            _2722_/Q ->  BUFX2_insert66/A
    151.7 ps  \shift.rx_negedge_bF$buf2 :    BUFX2_insert66/Y ->          _3003_/A
    293.7 ps                      _1691_:            _3003_/Y ->          _3004_/B
    443.9 ps                      _1692_:            _3004_/Y ->          _3015_/B
    619.0 ps                      _1703_:            _3015_/Y ->          _3038_/B
    817.1 ps                      _1726_:            _3038_/Y ->          _3045_/A
   1030.5 ps                      _1733_:            _3045_/Y ->          _3067_/A
   1158.0 ps                      _1755_:            _3067_/Y ->          _3068_/A
   1473.2 ps                      _1756_:            _3068_/Y ->          _3077_/B
   1740.6 ps                      _1765_:            _3077_/Y ->          _3084_/A
   1945.4 ps                      _1772_:            _3084_/Y ->          _3085_/B
   2077.6 ps                      _1773_:            _3085_/Y ->          _3100_/A
   2249.9 ps                      _1788_:            _3100_/Y ->          _3461_/B
   2500.6 ps                      _2149_:            _3461_/Y -> BUFX2_insert148/A
   2859.4 ps              _2149__bF$buf9:   BUFX2_insert148/Y ->          _3462_/A
   2968.3 ps                      _2150_:            _3462_/Y ->  BUFX2_insert57/A
   3237.6 ps              _2150__bF$buf7:    BUFX2_insert57/Y ->          _3995_/B
   3365.4 ps                       _923_:            _3995_/Y ->          _3996_/C
   3449.3 ps                       _924_:            _3996_/Y ->          _3998_/B
   3531.3 ps                       _926_:            _3998_/Y ->          _3999_/A
   3606.6 ps                       _509_:            _3999_/Y ->          _4863_/D

   clock skew at destination = 9.0519
   setup at destination = 100.52

Path _2722_/CLK to _4876_/D delay 3716.2 ps
      0.0 ps            wb_clk_i_bF$buf3: CLKBUF1_insert124/Y ->          _2722_/CLK
      0.0 ps          \shift.rx_negedge :            _2722_/Q ->  BUFX2_insert66/A
    151.7 ps  \shift.rx_negedge_bF$buf2 :    BUFX2_insert66/Y ->          _3003_/A
    293.7 ps                      _1691_:            _3003_/Y ->          _3004_/B
    443.9 ps                      _1692_:            _3004_/Y ->          _3015_/B
    619.0 ps                      _1703_:            _3015_/Y ->          _3038_/B
    817.1 ps                      _1726_:            _3038_/Y ->          _3045_/A
   1030.5 ps                      _1733_:            _3045_/Y ->          _3067_/A
   1158.0 ps                      _1755_:            _3067_/Y ->          _3068_/A
   1473.2 ps                      _1756_:            _3068_/Y ->          _3077_/B
   1740.6 ps                      _1765_:            _3077_/Y ->          _3084_/A
   1945.4 ps                      _1772_:            _3084_/Y ->          _3085_/B
   2077.6 ps                      _1773_:            _3085_/Y ->          _3100_/A
   2249.9 ps                      _1788_:            _3100_/Y ->          _3461_/B
   2500.6 ps                      _2149_:            _3461_/Y -> BUFX2_insert148/A
   2859.4 ps              _2149__bF$buf9:   BUFX2_insert148/Y ->          _3462_/A
   2968.3 ps                      _2150_:            _3462_/Y ->  BUFX2_insert57/A
   3237.6 ps              _2150__bF$buf7:    BUFX2_insert57/Y ->          _4091_/B
   3365.4 ps                      _1006_:            _4091_/Y ->          _4092_/C
   3449.3 ps                      _1007_:            _4092_/Y ->          _4094_/B
   3531.3 ps                      _1009_:            _4094_/Y ->          _4095_/A
   3606.6 ps                       _522_:            _4095_/Y ->          _4876_/D

   clock skew at destination = 9.0519
   setup at destination = 100.52

Path _2722_/CLK to _4941_/D delay 3716.09 ps
      0.0 ps            wb_clk_i_bF$buf3: CLKBUF1_insert124/Y ->          _2722_/CLK
      0.0 ps          \shift.rx_negedge :            _2722_/Q ->  BUFX2_insert66/A
    151.7 ps  \shift.rx_negedge_bF$buf2 :    BUFX2_insert66/Y ->          _3003_/A
    293.7 ps                      _1691_:            _3003_/Y ->          _3004_/B
    443.9 ps                      _1692_:            _3004_/Y ->          _3015_/B
    619.0 ps                      _1703_:            _3015_/Y ->          _3038_/B
    817.1 ps                      _1726_:            _3038_/Y ->          _3045_/A
   1030.5 ps                      _1733_:            _3045_/Y ->          _3067_/A
   1158.0 ps                      _1755_:            _3067_/Y ->          _3068_/A
   1473.2 ps                      _1756_:            _3068_/Y ->          _3077_/B
   1740.6 ps                      _1765_:            _3077_/Y ->          _3084_/A
   1945.4 ps                      _1772_:            _3084_/Y ->          _3085_/B
   2077.6 ps                      _1773_:            _3085_/Y ->          _3100_/A
   2249.9 ps                      _1788_:            _3100_/Y ->          _3461_/B
   2500.6 ps                      _2149_:            _3461_/Y -> BUFX2_insert148/A
   2859.4 ps              _2149__bF$buf9:   BUFX2_insert148/Y ->          _3462_/A
   2968.3 ps                      _2150_:            _3462_/Y ->  BUFX2_insert55/A
   3239.6 ps              _2150__bF$buf9:    BUFX2_insert55/Y ->          _4498_/B
   3367.9 ps                      _1348_:            _4498_/Y ->          _4499_/C
   3451.9 ps                      _1349_:            _4499_/Y ->          _4501_/B
   3534.0 ps                      _1351_:            _4501_/Y ->          _4502_/A
   3609.3 ps                       _587_:            _4502_/Y ->          _4941_/D

   clock skew at destination = 5.34596
   setup at destination = 101.468

Path _2722_/CLK to _4925_/D delay 3716.09 ps
      0.0 ps            wb_clk_i_bF$buf3: CLKBUF1_insert124/Y ->          _2722_/CLK
      0.0 ps          \shift.rx_negedge :            _2722_/Q ->  BUFX2_insert66/A
    151.7 ps  \shift.rx_negedge_bF$buf2 :    BUFX2_insert66/Y ->          _3003_/A
    293.7 ps                      _1691_:            _3003_/Y ->          _3004_/B
    443.9 ps                      _1692_:            _3004_/Y ->          _3015_/B
    619.0 ps                      _1703_:            _3015_/Y ->          _3038_/B
    817.1 ps                      _1726_:            _3038_/Y ->          _3045_/A
   1030.5 ps                      _1733_:            _3045_/Y ->          _3067_/A
   1158.0 ps                      _1755_:            _3067_/Y ->          _3068_/A
   1473.2 ps                      _1756_:            _3068_/Y ->          _3077_/B
   1740.6 ps                      _1765_:            _3077_/Y ->          _3084_/A
   1945.4 ps                      _1772_:            _3084_/Y ->          _3085_/B
   2077.6 ps                      _1773_:            _3085_/Y ->          _3100_/A
   2249.9 ps                      _1788_:            _3100_/Y ->          _3461_/B
   2500.6 ps                      _2149_:            _3461_/Y -> BUFX2_insert148/A
   2859.4 ps              _2149__bF$buf9:   BUFX2_insert148/Y ->          _3462_/A
   2968.3 ps                      _2150_:            _3462_/Y ->  BUFX2_insert55/A
   3239.6 ps              _2150__bF$buf9:    BUFX2_insert55/Y ->          _4407_/B
   3367.9 ps                      _1273_:            _4407_/Y ->          _4408_/C
   3451.9 ps                      _1274_:            _4408_/Y ->          _4410_/B
   3534.0 ps                      _1276_:            _4410_/Y ->          _4411_/A
   3609.3 ps                       _571_:            _4411_/Y ->          _4925_/D

   clock skew at destination = 5.34596
   setup at destination = 101.468

Path _2722_/CLK to _4943_/D delay 3716.09 ps
      0.0 ps            wb_clk_i_bF$buf3: CLKBUF1_insert124/Y ->          _2722_/CLK
      0.0 ps          \shift.rx_negedge :            _2722_/Q ->  BUFX2_insert66/A
    151.7 ps  \shift.rx_negedge_bF$buf2 :    BUFX2_insert66/Y ->          _3003_/A
    293.7 ps                      _1691_:            _3003_/Y ->          _3004_/B
    443.9 ps                      _1692_:            _3004_/Y ->          _3015_/B
    619.0 ps                      _1703_:            _3015_/Y ->          _3038_/B
    817.1 ps                      _1726_:            _3038_/Y ->          _3045_/A
   1030.5 ps                      _1733_:            _3045_/Y ->          _3067_/A
   1158.0 ps                      _1755_:            _3067_/Y ->          _3068_/A
   1473.2 ps                      _1756_:            _3068_/Y ->          _3077_/B
   1740.6 ps                      _1765_:            _3077_/Y ->          _3084_/A
   1945.4 ps                      _1772_:            _3084_/Y ->          _3085_/B
   2077.6 ps                      _1773_:            _3085_/Y ->          _3100_/A
   2249.9 ps                      _1788_:            _3100_/Y ->          _3461_/B
   2500.6 ps                      _2149_:            _3461_/Y -> BUFX2_insert148/A
   2859.4 ps              _2149__bF$buf9:   BUFX2_insert148/Y ->          _3462_/A
   2968.3 ps                      _2150_:            _3462_/Y ->  BUFX2_insert55/A
   3239.6 ps              _2150__bF$buf9:    BUFX2_insert55/Y ->          _4510_/B
   3367.9 ps                      _1358_:            _4510_/Y ->          _4511_/C
   3451.9 ps                      _1359_:            _4511_/Y ->          _4513_/B
   3534.0 ps                      _1361_:            _4513_/Y ->          _4514_/A
   3609.3 ps                       _589_:            _4514_/Y ->          _4943_/D

   clock skew at destination = 5.34596
   setup at destination = 101.468

Path _2722_/CLK to _4927_/D delay 3716.09 ps
      0.0 ps            wb_clk_i_bF$buf3: CLKBUF1_insert124/Y ->          _2722_/CLK
      0.0 ps          \shift.rx_negedge :            _2722_/Q ->  BUFX2_insert66/A
    151.7 ps  \shift.rx_negedge_bF$buf2 :    BUFX2_insert66/Y ->          _3003_/A
    293.7 ps                      _1691_:            _3003_/Y ->          _3004_/B
    443.9 ps                      _1692_:            _3004_/Y ->          _3015_/B
    619.0 ps                      _1703_:            _3015_/Y ->          _3038_/B
    817.1 ps                      _1726_:            _3038_/Y ->          _3045_/A
   1030.5 ps                      _1733_:            _3045_/Y ->          _3067_/A
   1158.0 ps                      _1755_:            _3067_/Y ->          _3068_/A
   1473.2 ps                      _1756_:            _3068_/Y ->          _3077_/B
   1740.6 ps                      _1765_:            _3077_/Y ->          _3084_/A
   1945.4 ps                      _1772_:            _3084_/Y ->          _3085_/B
   2077.6 ps                      _1773_:            _3085_/Y ->          _3100_/A
   2249.9 ps                      _1788_:            _3100_/Y ->          _3461_/B
   2500.6 ps                      _2149_:            _3461_/Y -> BUFX2_insert148/A
   2859.4 ps              _2149__bF$buf9:   BUFX2_insert148/Y ->          _3462_/A
   2968.3 ps                      _2150_:            _3462_/Y ->  BUFX2_insert55/A
   3239.6 ps              _2150__bF$buf9:    BUFX2_insert55/Y ->          _4419_/B
   3367.9 ps                      _1283_:            _4419_/Y ->          _4420_/C
   3451.9 ps                      _1284_:            _4420_/Y ->          _4422_/B
   3534.0 ps                      _1286_:            _4422_/Y ->          _4423_/A
   3609.3 ps                       _573_:            _4423_/Y ->          _4927_/D

   clock skew at destination = 5.34596
   setup at destination = 101.468

Path _2722_/CLK to _4924_/D delay 3716.09 ps
      0.0 ps            wb_clk_i_bF$buf3: CLKBUF1_insert124/Y ->          _2722_/CLK
      0.0 ps          \shift.rx_negedge :            _2722_/Q ->  BUFX2_insert66/A
    151.7 ps  \shift.rx_negedge_bF$buf2 :    BUFX2_insert66/Y ->          _3003_/A
    293.7 ps                      _1691_:            _3003_/Y ->          _3004_/B
    443.9 ps                      _1692_:            _3004_/Y ->          _3015_/B
    619.0 ps                      _1703_:            _3015_/Y ->          _3038_/B
    817.1 ps                      _1726_:            _3038_/Y ->          _3045_/A
   1030.5 ps                      _1733_:            _3045_/Y ->          _3067_/A
   1158.0 ps                      _1755_:            _3067_/Y ->          _3068_/A
   1473.2 ps                      _1756_:            _3068_/Y ->          _3077_/B
   1740.6 ps                      _1765_:            _3077_/Y ->          _3084_/A
   1945.4 ps                      _1772_:            _3084_/Y ->          _3085_/B
   2077.6 ps                      _1773_:            _3085_/Y ->          _3100_/A
   2249.9 ps                      _1788_:            _3100_/Y ->          _3461_/B
   2500.6 ps                      _2149_:            _3461_/Y -> BUFX2_insert148/A
   2859.4 ps              _2149__bF$buf9:   BUFX2_insert148/Y ->          _3462_/A
   2968.3 ps                      _2150_:            _3462_/Y ->  BUFX2_insert55/A
   3239.6 ps              _2150__bF$buf9:    BUFX2_insert55/Y ->          _4401_/B
   3367.9 ps                      _1268_:            _4401_/Y ->          _4402_/C
   3451.9 ps                      _1269_:            _4402_/Y ->          _4404_/B
   3534.0 ps                      _1271_:            _4404_/Y ->          _4405_/A
   3609.3 ps                       _570_:            _4405_/Y ->          _4924_/D

   clock skew at destination = 5.34596
   setup at destination = 101.468

Path _2722_/CLK to _4940_/D delay 3716.09 ps
      0.0 ps            wb_clk_i_bF$buf3: CLKBUF1_insert124/Y ->          _2722_/CLK
      0.0 ps          \shift.rx_negedge :            _2722_/Q ->  BUFX2_insert66/A
    151.7 ps  \shift.rx_negedge_bF$buf2 :    BUFX2_insert66/Y ->          _3003_/A
    293.7 ps                      _1691_:            _3003_/Y ->          _3004_/B
    443.9 ps                      _1692_:            _3004_/Y ->          _3015_/B
    619.0 ps                      _1703_:            _3015_/Y ->          _3038_/B
    817.1 ps                      _1726_:            _3038_/Y ->          _3045_/A
   1030.5 ps                      _1733_:            _3045_/Y ->          _3067_/A
   1158.0 ps                      _1755_:            _3067_/Y ->          _3068_/A
   1473.2 ps                      _1756_:            _3068_/Y ->          _3077_/B
   1740.6 ps                      _1765_:            _3077_/Y ->          _3084_/A
   1945.4 ps                      _1772_:            _3084_/Y ->          _3085_/B
   2077.6 ps                      _1773_:            _3085_/Y ->          _3100_/A
   2249.9 ps                      _1788_:            _3100_/Y ->          _3461_/B
   2500.6 ps                      _2149_:            _3461_/Y -> BUFX2_insert148/A
   2859.4 ps              _2149__bF$buf9:   BUFX2_insert148/Y ->          _3462_/A
   2968.3 ps                      _2150_:            _3462_/Y ->  BUFX2_insert55/A
   3239.6 ps              _2150__bF$buf9:    BUFX2_insert55/Y ->          _4492_/B
   3367.9 ps                      _1343_:            _4492_/Y ->          _4493_/C
   3451.9 ps                      _1344_:            _4493_/Y ->          _4495_/B
   3534.0 ps                      _1346_:            _4495_/Y ->          _4496_/A
   3609.3 ps                       _586_:            _4496_/Y ->          _4940_/D

   clock skew at destination = 5.34596
   setup at destination = 101.468

Path _2722_/CLK to _4877_/D delay 3714.76 ps
      0.0 ps            wb_clk_i_bF$buf3: CLKBUF1_insert124/Y ->          _2722_/CLK
      0.0 ps          \shift.rx_negedge :            _2722_/Q ->  BUFX2_insert66/A
    151.7 ps  \shift.rx_negedge_bF$buf2 :    BUFX2_insert66/Y ->          _3003_/A
    293.7 ps                      _1691_:            _3003_/Y ->          _3004_/B
    443.9 ps                      _1692_:            _3004_/Y ->          _3015_/B
    619.0 ps                      _1703_:            _3015_/Y ->          _3038_/B
    817.1 ps                      _1726_:            _3038_/Y ->          _3045_/A
   1030.5 ps                      _1733_:            _3045_/Y ->          _3067_/A
   1158.0 ps                      _1755_:            _3067_/Y ->          _3068_/A
   1473.2 ps                      _1756_:            _3068_/Y ->          _3077_/B
   1740.6 ps                      _1765_:            _3077_/Y ->          _3084_/A
   1945.4 ps                      _1772_:            _3084_/Y ->          _3085_/B
   2077.6 ps                      _1773_:            _3085_/Y ->          _3100_/A
   2249.9 ps                      _1788_:            _3100_/Y ->          _3461_/B
   2500.6 ps                      _2149_:            _3461_/Y -> BUFX2_insert148/A
   2859.4 ps              _2149__bF$buf9:   BUFX2_insert148/Y ->          _3462_/A
   2968.3 ps                      _2150_:            _3462_/Y ->  BUFX2_insert54/A
   3238.6 ps             _2150__bF$buf10:    BUFX2_insert54/Y ->          _4097_/B
   3366.7 ps                      _1011_:            _4097_/Y ->          _4098_/C
   3450.6 ps                      _1012_:            _4098_/Y ->          _4100_/B
   3532.6 ps                      _1014_:            _4100_/Y ->          _4101_/A
   3608.0 ps                       _523_:            _4101_/Y ->          _4877_/D

   clock skew at destination = 5.34596
   setup at destination = 101.468

Path _2722_/CLK to _4861_/D delay 3714.76 ps
      0.0 ps            wb_clk_i_bF$buf3: CLKBUF1_insert124/Y ->          _2722_/CLK
      0.0 ps          \shift.rx_negedge :            _2722_/Q ->  BUFX2_insert66/A
    151.7 ps  \shift.rx_negedge_bF$buf2 :    BUFX2_insert66/Y ->          _3003_/A
    293.7 ps                      _1691_:            _3003_/Y ->          _3004_/B
    443.9 ps                      _1692_:            _3004_/Y ->          _3015_/B
    619.0 ps                      _1703_:            _3015_/Y ->          _3038_/B
    817.1 ps                      _1726_:            _3038_/Y ->          _3045_/A
   1030.5 ps                      _1733_:            _3045_/Y ->          _3067_/A
   1158.0 ps                      _1755_:            _3067_/Y ->          _3068_/A
   1473.2 ps                      _1756_:            _3068_/Y ->          _3077_/B
   1740.6 ps                      _1765_:            _3077_/Y ->          _3084_/A
   1945.4 ps                      _1772_:            _3084_/Y ->          _3085_/B
   2077.6 ps                      _1773_:            _3085_/Y ->          _3100_/A
   2249.9 ps                      _1788_:            _3100_/Y ->          _3461_/B
   2500.6 ps                      _2149_:            _3461_/Y -> BUFX2_insert148/A
   2859.4 ps              _2149__bF$buf9:   BUFX2_insert148/Y ->          _3462_/A
   2968.3 ps                      _2150_:            _3462_/Y ->  BUFX2_insert54/A
   3238.6 ps             _2150__bF$buf10:    BUFX2_insert54/Y ->          _3983_/B
   3366.7 ps                       _913_:            _3983_/Y ->          _3984_/C
   3450.6 ps                       _914_:            _3984_/Y ->          _3986_/B
   3532.6 ps                       _916_:            _3986_/Y ->          _3987_/A
   3608.0 ps                       _507_:            _3987_/Y ->          _4861_/D

   clock skew at destination = 5.34596
   setup at destination = 101.468

Path _2722_/CLK to _4859_/D delay 3714.76 ps
      0.0 ps            wb_clk_i_bF$buf3: CLKBUF1_insert124/Y ->          _2722_/CLK
      0.0 ps          \shift.rx_negedge :            _2722_/Q ->  BUFX2_insert66/A
    151.7 ps  \shift.rx_negedge_bF$buf2 :    BUFX2_insert66/Y ->          _3003_/A
    293.7 ps                      _1691_:            _3003_/Y ->          _3004_/B
    443.9 ps                      _1692_:            _3004_/Y ->          _3015_/B
    619.0 ps                      _1703_:            _3015_/Y ->          _3038_/B
    817.1 ps                      _1726_:            _3038_/Y ->          _3045_/A
   1030.5 ps                      _1733_:            _3045_/Y ->          _3067_/A
   1158.0 ps                      _1755_:            _3067_/Y ->          _3068_/A
   1473.2 ps                      _1756_:            _3068_/Y ->          _3077_/B
   1740.6 ps                      _1765_:            _3077_/Y ->          _3084_/A
   1945.4 ps                      _1772_:            _3084_/Y ->          _3085_/B
   2077.6 ps                      _1773_:            _3085_/Y ->          _3100_/A
   2249.9 ps                      _1788_:            _3100_/Y ->          _3461_/B
   2500.6 ps                      _2149_:            _3461_/Y -> BUFX2_insert148/A
   2859.4 ps              _2149__bF$buf9:   BUFX2_insert148/Y ->          _3462_/A
   2968.3 ps                      _2150_:            _3462_/Y ->  BUFX2_insert54/A
   3238.6 ps             _2150__bF$buf10:    BUFX2_insert54/Y ->          _3971_/B
   3366.7 ps                       _903_:            _3971_/Y ->          _3972_/C
   3450.6 ps                       _904_:            _3972_/Y ->          _3974_/B
   3532.6 ps                       _906_:            _3974_/Y ->          _3975_/A
   3608.0 ps                       _505_:            _3975_/Y ->          _4859_/D

   clock skew at destination = 5.34596
   setup at destination = 101.468

Computed maximum clock frequency (zero margin) = 268.996 MHz
-----------------------------------------

Number of paths analyzed:  317

Top 20 minimum delay paths:
Path _2784_/CLK to _2759_/D delay 60.1822 ps
      0.0 ps  wb_clk_i_bF$buf3: CLKBUF1_insert124/Y -> _2784_/CLK
      0.0 ps            _2306_:            _2784_/Q -> _2661_/A
     65.4 ps              _40_:            _2661_/Y -> _2759_/D

   clock skew at destination = 0
   hold at destination = -5.25397

Path _2799_/CLK to output pin wb_dat_o[14] delay 62.1403 ps
      0.0 ps  wb_clk_i_bF$buf4: CLKBUF1_insert123/Y -> _2799_/CLK
      0.0 ps        _2307_[14]:            _2799_/Q -> _4990_/A
     62.1 ps      wb_dat_o[14]:            _4990_/Y -> wb_dat_o[14]

Path _2814_/CLK to output pin wb_dat_o[29] delay 62.1403 ps
      0.0 ps  wb_clk_i_bF$buf4: CLKBUF1_insert123/Y -> _2814_/CLK
      0.0 ps        _2307_[29]:            _2814_/Q -> _5006_/A
     62.1 ps      wb_dat_o[29]:            _5006_/Y -> wb_dat_o[29]

Path _2806_/CLK to output pin wb_dat_o[21] delay 62.1403 ps
      0.0 ps  wb_clk_i_bF$buf7: CLKBUF1_insert120/Y -> _2806_/CLK
      0.0 ps        _2307_[21]:            _2806_/Q -> _4998_/A
     62.1 ps      wb_dat_o[21]:            _4998_/Y -> wb_dat_o[21]

Path _2811_/CLK to output pin wb_dat_o[26] delay 62.1403 ps
      0.0 ps  wb_clk_i_bF$buf7: CLKBUF1_insert120/Y -> _2811_/CLK
      0.0 ps        _2307_[26]:            _2811_/Q -> _5003_/A
     62.1 ps      wb_dat_o[26]:            _5003_/Y -> wb_dat_o[26]

Path _2802_/CLK to output pin wb_dat_o[17] delay 62.1403 ps
      0.0 ps  wb_clk_i_bF$buf7: CLKBUF1_insert120/Y -> _2802_/CLK
      0.0 ps        _2307_[17]:            _2802_/Q -> _4993_/A
     62.1 ps      wb_dat_o[17]:            _4993_/Y -> wb_dat_o[17]

Path _2813_/CLK to output pin wb_dat_o[28] delay 62.1403 ps
      0.0 ps  wb_clk_i_bF$buf7: CLKBUF1_insert120/Y -> _2813_/CLK
      0.0 ps        _2307_[28]:            _2813_/Q -> _5005_/A
     62.1 ps      wb_dat_o[28]:            _5005_/Y -> wb_dat_o[28]

Path _2789_/CLK to output pin wb_dat_o[4] delay 62.1403 ps
      0.0 ps  wb_clk_i_bF$buf7: CLKBUF1_insert120/Y -> _2789_/CLK
      0.0 ps         _2307_[4]:            _2789_/Q -> _5010_/A
     62.1 ps       wb_dat_o[4]:            _5010_/Y -> wb_dat_o[4]

Path _2801_/CLK to output pin wb_dat_o[16] delay 62.1403 ps
      0.0 ps  wb_clk_i_bF$buf7: CLKBUF1_insert120/Y -> _2801_/CLK
      0.0 ps        _2307_[16]:            _2801_/Q -> _4992_/A
     62.1 ps      wb_dat_o[16]:            _4992_/Y -> wb_dat_o[16]

Path _2815_/CLK to output pin wb_dat_o[30] delay 62.1403 ps
      0.0 ps  wb_clk_i_bF$buf7: CLKBUF1_insert120/Y -> _2815_/CLK
      0.0 ps        _2307_[30]:            _2815_/Q -> _5008_/A
     62.1 ps      wb_dat_o[30]:            _5008_/Y -> wb_dat_o[30]

Path _2809_/CLK to output pin wb_dat_o[24] delay 62.1403 ps
      0.0 ps  wb_clk_i_bF$buf7: CLKBUF1_insert120/Y -> _2809_/CLK
      0.0 ps        _2307_[24]:            _2809_/Q -> _5001_/A
     62.1 ps      wb_dat_o[24]:            _5001_/Y -> wb_dat_o[24]

Path _2785_/CLK to output pin wb_dat_o[0] delay 62.1403 ps
      0.0 ps  wb_clk_i_bF$buf8: CLKBUF1_insert119/Y -> _2785_/CLK
      0.0 ps         _2307_[0]:            _2785_/Q -> _4984_/A
     62.1 ps       wb_dat_o[0]:            _4984_/Y -> wb_dat_o[0]

Path _2803_/CLK to output pin wb_dat_o[18] delay 62.1403 ps
      0.0 ps  wb_clk_i_bF$buf8: CLKBUF1_insert119/Y -> _2803_/CLK
      0.0 ps        _2307_[18]:            _2803_/Q -> _4994_/A
     62.1 ps      wb_dat_o[18]:            _4994_/Y -> wb_dat_o[18]

Path _2800_/CLK to output pin wb_dat_o[15] delay 62.1403 ps
      0.0 ps  wb_clk_i_bF$buf8: CLKBUF1_insert119/Y -> _2800_/CLK
      0.0 ps        _2307_[15]:            _2800_/Q -> _4991_/A
     62.1 ps      wb_dat_o[15]:            _4991_/Y -> wb_dat_o[15]

Path _2808_/CLK to output pin wb_dat_o[23] delay 62.1403 ps
      0.0 ps  wb_clk_i_bF$buf8: CLKBUF1_insert119/Y -> _2808_/CLK
      0.0 ps        _2307_[23]:            _2808_/Q -> _5000_/A
     62.1 ps      wb_dat_o[23]:            _5000_/Y -> wb_dat_o[23]

Path _2805_/CLK to output pin wb_dat_o[20] delay 62.1403 ps
      0.0 ps  wb_clk_i_bF$buf8: CLKBUF1_insert119/Y -> _2805_/CLK
      0.0 ps        _2307_[20]:            _2805_/Q -> _4997_/A
     62.1 ps      wb_dat_o[20]:            _4997_/Y -> wb_dat_o[20]

Path _2798_/CLK to output pin wb_dat_o[13] delay 62.1403 ps
      0.0 ps  wb_clk_i_bF$buf8: CLKBUF1_insert119/Y -> _2798_/CLK
      0.0 ps        _2307_[13]:            _2798_/Q -> _4989_/A
     62.1 ps      wb_dat_o[13]:            _4989_/Y -> wb_dat_o[13]

Path _2816_/CLK to output pin wb_dat_o[31] delay 62.1403 ps
      0.0 ps  wb_clk_i_bF$buf8: CLKBUF1_insert119/Y -> _2816_/CLK
      0.0 ps        _2307_[31]:            _2816_/Q -> _5009_/A
     62.1 ps      wb_dat_o[31]:            _5009_/Y -> wb_dat_o[31]

Path _2792_/CLK to output pin wb_dat_o[7] delay 62.1403 ps
      0.0 ps  wb_clk_i_bF$buf8: CLKBUF1_insert119/Y -> _2792_/CLK
      0.0 ps         _2307_[7]:            _2792_/Q -> _5013_/A
     62.1 ps       wb_dat_o[7]:            _5013_/Y -> wb_dat_o[7]

Path _2810_/CLK to output pin wb_dat_o[25] delay 62.1403 ps
      0.0 ps  wb_clk_i_bF$buf8: CLKBUF1_insert119/Y -> _2810_/CLK
      0.0 ps        _2307_[25]:            _2810_/Q -> _5002_/A
     62.1 ps      wb_dat_o[25]:            _5002_/Y -> wb_dat_o[25]

Design meets minimum hold timing.
-----------------------------------------

Number of paths analyzed:  222

Top 20 maximum delay paths:
Path input pin wb_adr_i[4] to _4926_/D delay 2566.22 ps
      0.0 ps       wb_adr_i[4]:          -> _2312_/A
     78.2 ps              _68_: _2312_/Y -> _2327_/B
    716.8 ps              _83_: _2327_/Y -> _2539_/A
    877.1 ps  \shift.latch [1]: _2539_/Y -> _2975_/A
   1004.3 ps            _1663_: _2975_/Y -> _2976_/B
   1210.7 ps            _1664_: _2976_/Y -> _2982_/C
   1554.9 ps            _1670_: _2982_/Y -> _3968_/B
   1730.2 ps             _900_: _3968_/Y -> _4393_/C
   2230.1 ps            _1261_: _4393_/Y -> _4412_/B
   2402.1 ps            _1277_: _4412_/Y -> _4417_/C
   2476.4 ps             _572_: _4417_/Y -> _4926_/D

   setup at destination = 89.8212

Path input pin wb_adr_i[4] to _4925_/D delay 2566.22 ps
      0.0 ps       wb_adr_i[4]:          -> _2312_/A
     78.2 ps              _68_: _2312_/Y -> _2327_/B
    716.8 ps              _83_: _2327_/Y -> _2539_/A
    877.1 ps  \shift.latch [1]: _2539_/Y -> _2975_/A
   1004.3 ps            _1663_: _2975_/Y -> _2976_/B
   1210.7 ps            _1664_: _2976_/Y -> _2982_/C
   1554.9 ps            _1670_: _2982_/Y -> _3968_/B
   1730.2 ps             _900_: _3968_/Y -> _4393_/C
   2230.1 ps            _1261_: _4393_/Y -> _4406_/B
   2402.1 ps            _1272_: _4406_/Y -> _4411_/C
   2476.4 ps             _571_: _4411_/Y -> _4925_/D

   setup at destination = 89.8212

Path input pin wb_adr_i[4] to _4930_/D delay 2566.22 ps
      0.0 ps       wb_adr_i[4]:          -> _2312_/A
     78.2 ps              _68_: _2312_/Y -> _2327_/B
    716.8 ps              _83_: _2327_/Y -> _2539_/A
    877.1 ps  \shift.latch [1]: _2539_/Y -> _2975_/A
   1004.3 ps            _1663_: _2975_/Y -> _2976_/B
   1210.7 ps            _1664_: _2976_/Y -> _2982_/C
   1554.9 ps            _1670_: _2982_/Y -> _3968_/B
   1730.2 ps             _900_: _3968_/Y -> _4393_/C
   2230.1 ps            _1261_: _4393_/Y -> _4436_/B
   2402.1 ps            _1297_: _4436_/Y -> _4441_/C
   2476.4 ps             _576_: _4441_/Y -> _4930_/D

   setup at destination = 89.8212

Path input pin wb_adr_i[4] to _4924_/D delay 2566.22 ps
      0.0 ps       wb_adr_i[4]:          -> _2312_/A
     78.2 ps              _68_: _2312_/Y -> _2327_/B
    716.8 ps              _83_: _2327_/Y -> _2539_/A
    877.1 ps  \shift.latch [1]: _2539_/Y -> _2975_/A
   1004.3 ps            _1663_: _2975_/Y -> _2976_/B
   1210.7 ps            _1664_: _2976_/Y -> _2982_/C
   1554.9 ps            _1670_: _2982_/Y -> _3968_/B
   1730.2 ps             _900_: _3968_/Y -> _4393_/C
   2230.1 ps            _1261_: _4393_/Y -> _4400_/B
   2402.1 ps            _1267_: _4400_/Y -> _4405_/C
   2476.4 ps             _570_: _4405_/Y -> _4924_/D

   setup at destination = 89.8212

Path input pin wb_adr_i[4] to _4929_/D delay 2566.22 ps
      0.0 ps       wb_adr_i[4]:          -> _2312_/A
     78.2 ps              _68_: _2312_/Y -> _2327_/B
    716.8 ps              _83_: _2327_/Y -> _2539_/A
    877.1 ps  \shift.latch [1]: _2539_/Y -> _2975_/A
   1004.3 ps            _1663_: _2975_/Y -> _2976_/B
   1210.7 ps            _1664_: _2976_/Y -> _2982_/C
   1554.9 ps            _1670_: _2982_/Y -> _3968_/B
   1730.2 ps             _900_: _3968_/Y -> _4393_/C
   2230.1 ps            _1261_: _4393_/Y -> _4430_/B
   2402.1 ps            _1292_: _4430_/Y -> _4435_/C
   2476.4 ps             _575_: _4435_/Y -> _4929_/D

   setup at destination = 89.8212

Path input pin wb_adr_i[4] to _4928_/D delay 2566.22 ps
      0.0 ps       wb_adr_i[4]:          -> _2312_/A
     78.2 ps              _68_: _2312_/Y -> _2327_/B
    716.8 ps              _83_: _2327_/Y -> _2539_/A
    877.1 ps  \shift.latch [1]: _2539_/Y -> _2975_/A
   1004.3 ps            _1663_: _2975_/Y -> _2976_/B
   1210.7 ps            _1664_: _2976_/Y -> _2982_/C
   1554.9 ps            _1670_: _2982_/Y -> _3968_/B
   1730.2 ps             _900_: _3968_/Y -> _4393_/C
   2230.1 ps            _1261_: _4393_/Y -> _4424_/B
   2402.1 ps            _1287_: _4424_/Y -> _4429_/C
   2476.4 ps             _574_: _4429_/Y -> _4928_/D

   setup at destination = 89.8212

Path input pin wb_adr_i[4] to _4927_/D delay 2566.22 ps
      0.0 ps       wb_adr_i[4]:          -> _2312_/A
     78.2 ps              _68_: _2312_/Y -> _2327_/B
    716.8 ps              _83_: _2327_/Y -> _2539_/A
    877.1 ps  \shift.latch [1]: _2539_/Y -> _2975_/A
   1004.3 ps            _1663_: _2975_/Y -> _2976_/B
   1210.7 ps            _1664_: _2976_/Y -> _2982_/C
   1554.9 ps            _1670_: _2982_/Y -> _3968_/B
   1730.2 ps             _900_: _3968_/Y -> _4393_/C
   2230.1 ps            _1261_: _4393_/Y -> _4418_/B
   2402.1 ps            _1282_: _4418_/Y -> _4423_/C
   2476.4 ps             _573_: _4423_/Y -> _4927_/D

   setup at destination = 89.8212

Path input pin wb_adr_i[4] to _4923_/D delay 2566.22 ps
      0.0 ps       wb_adr_i[4]:          -> _2312_/A
     78.2 ps              _68_: _2312_/Y -> _2327_/B
    716.8 ps              _83_: _2327_/Y -> _2539_/A
    877.1 ps  \shift.latch [1]: _2539_/Y -> _2975_/A
   1004.3 ps            _1663_: _2975_/Y -> _2976_/B
   1210.7 ps            _1664_: _2976_/Y -> _2982_/C
   1554.9 ps            _1670_: _2982_/Y -> _3968_/B
   1730.2 ps             _900_: _3968_/Y -> _4393_/C
   2230.1 ps            _1261_: _4393_/Y -> _4394_/B
   2402.1 ps            _1262_: _4394_/Y -> _4399_/C
   2476.4 ps             _569_: _4399_/Y -> _4923_/D

   setup at destination = 89.8212

Path input pin wb_adr_i[4] to _4862_/D delay 2566.22 ps
      0.0 ps       wb_adr_i[4]:          -> _2312_/A
     78.2 ps              _68_: _2312_/Y -> _2327_/B
    716.8 ps              _83_: _2327_/Y -> _2539_/A
    877.1 ps  \shift.latch [1]: _2539_/Y -> _2975_/A
   1004.3 ps            _1663_: _2975_/Y -> _2976_/B
   1210.7 ps            _1664_: _2976_/Y -> _2982_/C
   1554.9 ps            _1670_: _2982_/Y -> _3968_/B
   1730.2 ps             _900_: _3968_/Y -> _3969_/C
   2230.1 ps             _901_: _3969_/Y -> _3988_/B
   2402.1 ps             _917_: _3988_/Y -> _3993_/C
   2476.4 ps             _508_: _3993_/Y -> _4862_/D

   setup at destination = 89.8212

Path input pin wb_adr_i[4] to _4861_/D delay 2566.22 ps
      0.0 ps       wb_adr_i[4]:          -> _2312_/A
     78.2 ps              _68_: _2312_/Y -> _2327_/B
    716.8 ps              _83_: _2327_/Y -> _2539_/A
    877.1 ps  \shift.latch [1]: _2539_/Y -> _2975_/A
   1004.3 ps            _1663_: _2975_/Y -> _2976_/B
   1210.7 ps            _1664_: _2976_/Y -> _2982_/C
   1554.9 ps            _1670_: _2982_/Y -> _3968_/B
   1730.2 ps             _900_: _3968_/Y -> _3969_/C
   2230.1 ps             _901_: _3969_/Y -> _3982_/B
   2402.1 ps             _912_: _3982_/Y -> _3987_/C
   2476.4 ps             _507_: _3987_/Y -> _4861_/D

   setup at destination = 89.8212

Path input pin wb_adr_i[4] to _4860_/D delay 2566.22 ps
      0.0 ps       wb_adr_i[4]:          -> _2312_/A
     78.2 ps              _68_: _2312_/Y -> _2327_/B
    716.8 ps              _83_: _2327_/Y -> _2539_/A
    877.1 ps  \shift.latch [1]: _2539_/Y -> _2975_/A
   1004.3 ps            _1663_: _2975_/Y -> _2976_/B
   1210.7 ps            _1664_: _2976_/Y -> _2982_/C
   1554.9 ps            _1670_: _2982_/Y -> _3968_/B
   1730.2 ps             _900_: _3968_/Y -> _3969_/C
   2230.1 ps             _901_: _3969_/Y -> _3976_/B
   2402.1 ps             _907_: _3976_/Y -> _3981_/C
   2476.4 ps             _506_: _3981_/Y -> _4860_/D

   setup at destination = 89.8212

Path input pin wb_adr_i[4] to _4866_/D delay 2566.22 ps
      0.0 ps       wb_adr_i[4]:          -> _2312_/A
     78.2 ps              _68_: _2312_/Y -> _2327_/B
    716.8 ps              _83_: _2327_/Y -> _2539_/A
    877.1 ps  \shift.latch [1]: _2539_/Y -> _2975_/A
   1004.3 ps            _1663_: _2975_/Y -> _2976_/B
   1210.7 ps            _1664_: _2976_/Y -> _2982_/C
   1554.9 ps            _1670_: _2982_/Y -> _3968_/B
   1730.2 ps             _900_: _3968_/Y -> _3969_/C
   2230.1 ps             _901_: _3969_/Y -> _4012_/B
   2402.1 ps             _937_: _4012_/Y -> _4017_/C
   2476.4 ps             _512_: _4017_/Y -> _4866_/D

   setup at destination = 89.8212

Path input pin wb_adr_i[4] to _4859_/D delay 2566.22 ps
      0.0 ps       wb_adr_i[4]:          -> _2312_/A
     78.2 ps              _68_: _2312_/Y -> _2327_/B
    716.8 ps              _83_: _2327_/Y -> _2539_/A
    877.1 ps  \shift.latch [1]: _2539_/Y -> _2975_/A
   1004.3 ps            _1663_: _2975_/Y -> _2976_/B
   1210.7 ps            _1664_: _2976_/Y -> _2982_/C
   1554.9 ps            _1670_: _2982_/Y -> _3968_/B
   1730.2 ps             _900_: _3968_/Y -> _3969_/C
   2230.1 ps             _901_: _3969_/Y -> _3970_/B
   2402.1 ps             _902_: _3970_/Y -> _3975_/C
   2476.4 ps             _505_: _3975_/Y -> _4859_/D

   setup at destination = 89.8212

Path input pin wb_adr_i[4] to _4865_/D delay 2566.22 ps
      0.0 ps       wb_adr_i[4]:          -> _2312_/A
     78.2 ps              _68_: _2312_/Y -> _2327_/B
    716.8 ps              _83_: _2327_/Y -> _2539_/A
    877.1 ps  \shift.latch [1]: _2539_/Y -> _2975_/A
   1004.3 ps            _1663_: _2975_/Y -> _2976_/B
   1210.7 ps            _1664_: _2976_/Y -> _2982_/C
   1554.9 ps            _1670_: _2982_/Y -> _3968_/B
   1730.2 ps             _900_: _3968_/Y -> _3969_/C
   2230.1 ps             _901_: _3969_/Y -> _4006_/B
   2402.1 ps             _932_: _4006_/Y -> _4011_/C
   2476.4 ps             _511_: _4011_/Y -> _4865_/D

   setup at destination = 89.8212

Path input pin wb_adr_i[4] to _4863_/D delay 2566.22 ps
      0.0 ps       wb_adr_i[4]:          -> _2312_/A
     78.2 ps              _68_: _2312_/Y -> _2327_/B
    716.8 ps              _83_: _2327_/Y -> _2539_/A
    877.1 ps  \shift.latch [1]: _2539_/Y -> _2975_/A
   1004.3 ps            _1663_: _2975_/Y -> _2976_/B
   1210.7 ps            _1664_: _2976_/Y -> _2982_/C
   1554.9 ps            _1670_: _2982_/Y -> _3968_/B
   1730.2 ps             _900_: _3968_/Y -> _3969_/C
   2230.1 ps             _901_: _3969_/Y -> _3994_/B
   2402.1 ps             _922_: _3994_/Y -> _3999_/C
   2476.4 ps             _509_: _3999_/Y -> _4863_/D

   setup at destination = 89.8212

Path input pin wb_adr_i[4] to _4864_/D delay 2566.22 ps
      0.0 ps       wb_adr_i[4]:          -> _2312_/A
     78.2 ps              _68_: _2312_/Y -> _2327_/B
    716.8 ps              _83_: _2327_/Y -> _2539_/A
    877.1 ps  \shift.latch [1]: _2539_/Y -> _2975_/A
   1004.3 ps            _1663_: _2975_/Y -> _2976_/B
   1210.7 ps            _1664_: _2976_/Y -> _2982_/C
   1554.9 ps            _1670_: _2982_/Y -> _3968_/B
   1730.2 ps             _900_: _3968_/Y -> _3969_/C
   2230.1 ps             _901_: _3969_/Y -> _4000_/B
   2402.1 ps             _927_: _4000_/Y -> _4005_/C
   2476.4 ps             _510_: _4005_/Y -> _4864_/D

   setup at destination = 89.8212

Path input pin wb_adr_i[4] to _4867_/D delay 2566.22 ps
      0.0 ps       wb_adr_i[4]:          -> _2312_/A
     78.2 ps              _68_: _2312_/Y -> _2327_/B
    716.8 ps              _83_: _2327_/Y -> _2539_/A
    877.1 ps  \shift.latch [1]: _2539_/Y -> _2975_/A
   1004.3 ps            _1663_: _2975_/Y -> _2976_/B
   1210.7 ps            _1664_: _2976_/Y -> _2982_/C
   1554.9 ps            _1670_: _2982_/Y -> _3968_/B
   1730.2 ps             _900_: _3968_/Y -> _4018_/C
   2230.1 ps             _942_: _4018_/Y -> _4019_/B
   2402.1 ps             _943_: _4019_/Y -> _4026_/C
   2476.4 ps             _513_: _4026_/Y -> _4867_/D

   setup at destination = 89.8212

Path input pin wb_adr_i[4] to _4871_/D delay 2566.22 ps
      0.0 ps       wb_adr_i[4]:          -> _2312_/A
     78.2 ps              _68_: _2312_/Y -> _2327_/B
    716.8 ps              _83_: _2327_/Y -> _2539_/A
    877.1 ps  \shift.latch [1]: _2539_/Y -> _2975_/A
   1004.3 ps            _1663_: _2975_/Y -> _2976_/B
   1210.7 ps            _1664_: _2976_/Y -> _2982_/C
   1554.9 ps            _1670_: _2982_/Y -> _3968_/B
   1730.2 ps             _900_: _3968_/Y -> _4018_/C
   2230.1 ps             _942_: _4018_/Y -> _4051_/B
   2402.1 ps             _971_: _4051_/Y -> _4058_/C
   2476.4 ps             _517_: _4058_/Y -> _4871_/D

   setup at destination = 89.8212

Path input pin wb_adr_i[4] to _4869_/D delay 2566.22 ps
      0.0 ps       wb_adr_i[4]:          -> _2312_/A
     78.2 ps              _68_: _2312_/Y -> _2327_/B
    716.8 ps              _83_: _2327_/Y -> _2539_/A
    877.1 ps  \shift.latch [1]: _2539_/Y -> _2975_/A
   1004.3 ps            _1663_: _2975_/Y -> _2976_/B
   1210.7 ps            _1664_: _2976_/Y -> _2982_/C
   1554.9 ps            _1670_: _2982_/Y -> _3968_/B
   1730.2 ps             _900_: _3968_/Y -> _4018_/C
   2230.1 ps             _942_: _4018_/Y -> _4035_/B
   2402.1 ps             _957_: _4035_/Y -> _4042_/C
   2476.4 ps             _515_: _4042_/Y -> _4869_/D

   setup at destination = 89.8212

Path input pin wb_adr_i[4] to _4873_/D delay 2566.22 ps
      0.0 ps       wb_adr_i[4]:          -> _2312_/A
     78.2 ps              _68_: _2312_/Y -> _2327_/B
    716.8 ps              _83_: _2327_/Y -> _2539_/A
    877.1 ps  \shift.latch [1]: _2539_/Y -> _2975_/A
   1004.3 ps            _1663_: _2975_/Y -> _2976_/B
   1210.7 ps            _1664_: _2976_/Y -> _2982_/C
   1554.9 ps            _1670_: _2982_/Y -> _3968_/B
   1730.2 ps             _900_: _3968_/Y -> _4018_/C
   2230.1 ps             _942_: _4018_/Y -> _4067_/B
   2402.1 ps             _985_: _4067_/Y -> _4074_/C
   2476.4 ps             _519_: _4074_/Y -> _4873_/D

   setup at destination = 89.8212

-----------------------------------------

Number of paths analyzed:  222

Top 20 minimum delay paths:
Path input pin wb_dat_i[16] to _2751_/D delay 121.551 ps
      0.0 ps  wb_dat_i[16]:          -> _2635_/A
     43.7 ps         _291_: _2635_/Y -> _2637_/B
    103.0 ps          _32_: _2637_/Y -> _2751_/D

   hold at destination = 18.5421

Path input pin wb_dat_i[17] to _2752_/D delay 121.551 ps
      0.0 ps  wb_dat_i[17]:          -> _2639_/A
     43.7 ps         _294_: _2639_/Y -> _2640_/B
    103.0 ps          _33_: _2640_/Y -> _2752_/D

   hold at destination = 18.5421

Path input pin wb_dat_i[18] to _2753_/D delay 121.551 ps
      0.0 ps  wb_dat_i[18]:          -> _2642_/A
     43.7 ps         _296_: _2642_/Y -> _2643_/B
    103.0 ps          _34_: _2643_/Y -> _2753_/D

   hold at destination = 18.5421

Path input pin wb_dat_i[19] to _2754_/D delay 121.551 ps
      0.0 ps  wb_dat_i[19]:          -> _2645_/A
     43.7 ps         _298_: _2645_/Y -> _2646_/B
    103.0 ps          _35_: _2646_/Y -> _2754_/D

   hold at destination = 18.5421

Path input pin wb_dat_i[20] to _2755_/D delay 121.551 ps
      0.0 ps  wb_dat_i[20]:          -> _2648_/A
     43.7 ps         _300_: _2648_/Y -> _2649_/B
    103.0 ps          _36_: _2649_/Y -> _2755_/D

   hold at destination = 18.5421

Path input pin wb_dat_i[21] to _2756_/D delay 121.551 ps
      0.0 ps  wb_dat_i[21]:          -> _2651_/A
     43.7 ps         _302_: _2651_/Y -> _2652_/B
    103.0 ps          _37_: _2652_/Y -> _2756_/D

   hold at destination = 18.5421

Path input pin wb_dat_i[22] to _2757_/D delay 121.551 ps
      0.0 ps  wb_dat_i[22]:          -> _2654_/A
     43.7 ps         _304_: _2654_/Y -> _2655_/B
    103.0 ps          _38_: _2655_/Y -> _2757_/D

   hold at destination = 18.5421

Path input pin wb_dat_i[23] to _2758_/D delay 121.551 ps
      0.0 ps  wb_dat_i[23]:          -> _2657_/A
     43.7 ps         _306_: _2657_/Y -> _2658_/B
    103.0 ps          _39_: _2658_/Y -> _2758_/D

   hold at destination = 18.5421

Path input pin wb_dat_i[26] to _2745_/D delay 121.551 ps
      0.0 ps  wb_dat_i[26]:          -> _2617_/A
     43.7 ps         _279_: _2617_/Y -> _2618_/B
    103.0 ps          _26_: _2618_/Y -> _2745_/D

   hold at destination = 18.5421

Path input pin wb_dat_i[27] to _2746_/D delay 121.551 ps
      0.0 ps  wb_dat_i[27]:          -> _2620_/A
     43.7 ps         _281_: _2620_/Y -> _2621_/B
    103.0 ps          _27_: _2621_/Y -> _2746_/D

   hold at destination = 18.5421

Path input pin wb_dat_i[28] to _2747_/D delay 121.551 ps
      0.0 ps  wb_dat_i[28]:          -> _2623_/A
     43.7 ps         _283_: _2623_/Y -> _2624_/B
    103.0 ps          _28_: _2624_/Y -> _2747_/D

   hold at destination = 18.5421

Path input pin wb_dat_i[29] to _2748_/D delay 121.551 ps
      0.0 ps  wb_dat_i[29]:          -> _2626_/A
     43.7 ps         _285_: _2626_/Y -> _2627_/B
    103.0 ps          _29_: _2627_/Y -> _2748_/D

   hold at destination = 18.5421

Path input pin wb_dat_i[30] to _2749_/D delay 121.551 ps
      0.0 ps  wb_dat_i[30]:          -> _2629_/A
     43.7 ps         _287_: _2629_/Y -> _2630_/B
    103.0 ps          _30_: _2630_/Y -> _2749_/D

   hold at destination = 18.5421

Path input pin wb_dat_i[31] to _2750_/D delay 121.551 ps
      0.0 ps  wb_dat_i[31]:          -> _2632_/A
     43.7 ps         _289_: _2632_/Y -> _2633_/B
    103.0 ps          _31_: _2633_/Y -> _2750_/D

   hold at destination = 18.5421

Path input pin wb_dat_i[24] to _2743_/D delay 121.551 ps
      0.0 ps  wb_dat_i[24]:          -> _2610_/A
     43.7 ps         _274_: _2610_/Y -> _2612_/B
    103.0 ps          _24_: _2612_/Y -> _2743_/D

   hold at destination = 18.5421

Path input pin wb_dat_i[25] to _2744_/D delay 121.551 ps
      0.0 ps  wb_dat_i[25]:          -> _2614_/A
     43.7 ps         _277_: _2614_/Y -> _2615_/B
    103.0 ps          _25_: _2615_/Y -> _2744_/D

   hold at destination = 18.5421

Path input pin wb_dat_i[8] to _2721_/D delay 132.28 ps
      0.0 ps  wb_dat_i[8]:          -> _2554_/A
     56.6 ps        _240_: _2554_/Y -> _2555_/B
    103.6 ps          _2_: _2555_/Y -> _2721_/D

   hold at destination = 28.6334

Path input pin wb_dat_i[9] to _2722_/D delay 134.672 ps
      0.0 ps  wb_dat_i[9]:          -> _2556_/A
     57.5 ps        _241_: _2556_/Y -> _2558_/A
    114.1 ps          _3_: _2558_/Y -> _2722_/D

   hold at destination = 20.561

Path input pin wb_dat_i[10] to _2723_/D delay 134.672 ps
      0.0 ps  wb_dat_i[10]:          -> _2559_/A
     57.5 ps         _243_: _2559_/Y -> _2561_/A
    114.1 ps           _4_: _2561_/Y -> _2723_/D

   hold at destination = 20.561

Path input pin wb_dat_i[11] to _2724_/D delay 134.672 ps
      0.0 ps  wb_dat_i[11]:          -> _2562_/A
     57.5 ps         _245_: _2562_/Y -> _2564_/A
    114.1 ps           _5_: _2564_/Y -> _2724_/D

   hold at destination = 20.561

-----------------------------------------

