Qflow synthesis logfile created on Thu Jun 25 02:23:41 PM UTC 2026
Running yosys for verilog parsing and synthesis
yosys  -s spi_top.ys

 /----------------------------------------------------------------------------\
 |                                                                            |
 |  yosys -- Yosys Open SYnthesis Suite                                       |
 |                                                                            |
 |  Copyright (C) 2012 - 2020  Claire Xenia Wolf <claire@yosyshq.com>         |
 |                                                                            |
 |  Permission to use, copy, modify, and/or distribute this software for any  |
 |  purpose with or without fee is hereby granted, provided that the above    |
 |  copyright notice and this permission notice appear in all copies.         |
 |                                                                            |
 |  THE SOFTWARE IS PROVIDED "AS IS" AND THE AUTHOR DISCLAIMS ALL WARRANTIES  |
 |  WITH REGARD TO THIS SOFTWARE INCLUDING ALL IMPLIED WARRANTIES OF          |
 |  MERCHANTABILITY AND FITNESS. IN NO EVENT SHALL THE AUTHOR BE LIABLE FOR   |
 |  ANY SPECIAL, DIRECT, INDIRECT, OR CONSEQUENTIAL DAMAGES OR ANY DAMAGES    |
 |  WHATSOEVER RESULTING FROM LOSS OF USE, DATA OR PROFITS, WHETHER IN AN     |
 |  ACTION OF CONTRACT, NEGLIGENCE OR OTHER TORTIOUS ACTION, ARISING OUT OF   |
 |  OR IN CONNECTION WITH THE USE OR PERFORMANCE OF THIS SOFTWARE.            |
 |                                                                            |
 \----------------------------------------------------------------------------/

 Yosys 0.33 (git sha1 2584903a060)


-- Executing script file `spi_top.ys' --

1. Executing Liberty frontend: /usr/local/share/qflow/tech/osu018/osu018_stdcells.lib
Imported 32 cell types from liberty file.

2. Executing Verilog-2005 frontend: spi_top.v
Parsing Verilog input from `spi_top.v' to AST representation.
Generating RTLIL representation for module `\spi_top'.
Note: Assuming pure combinatorial block at spi_top.v:62.3-74.6 in
compliance with IEC 62142(E):2005 / IEEE Std. 1364.1(E):2002. Recommending
use of @* instead of @(...) for better match of synthesis and simulation.
Successfully finished Verilog frontend.

3. Executing Verilog-2005 frontend: spi_shift.v
Parsing Verilog input from `spi_shift.v' to AST representation.
Generating RTLIL representation for module `\spi_shift'.
Successfully finished Verilog frontend.

4. Executing Verilog-2005 frontend: spi_clgen.v
Parsing Verilog input from `spi_clgen.v' to AST representation.
Generating RTLIL representation for module `\spi_clgen'.
Successfully finished Verilog frontend.

5. Executing SYNTH pass.

5.1. Executing HIERARCHY pass (managing design hierarchy).

5.1.1. Analyzing design hierarchy..
Top module:  \spi_top
Used module:     \spi_shift
Used module:     \spi_clgen

5.1.2. Analyzing design hierarchy..
Top module:  \spi_top
Used module:     \spi_shift
Used module:     \spi_clgen
Removed 0 unused modules.

5.2. Executing PROC pass (convert processes to netlists).

5.2.1. Executing PROC_CLEAN pass (remove empty switches from decision trees).
Cleaned up 0 empty switches.

5.2.2. Executing PROC_RMDEAD pass (remove dead branches from decision trees).
Marked 1 switch rules as full_case in process $proc$spi_clgen.v:48$167 in module spi_clgen.
Marked 1 switch rules as full_case in process $proc$spi_clgen.v:40$160 in module spi_clgen.
Marked 2 switch rules as full_case in process $proc$spi_clgen.v:28$156 in module spi_clgen.
Marked 21 switch rules as full_case in process $proc$spi_shift.v:77$93 in module spi_shift.
Marked 1 switch rules as full_case in process $proc$spi_shift.v:69$89 in module spi_shift.
Marked 2 switch rules as full_case in process $proc$spi_shift.v:59$84 in module spi_shift.
Marked 2 switch rules as full_case in process $proc$spi_shift.v:47$78 in module spi_shift.
Marked 1 switch rules as full_case in process $proc$spi_top.v:130$42 in module spi_top.
Marked 2 switch rules as full_case in process $proc$spi_top.v:110$36 in module spi_top.
Marked 1 switch rules as full_case in process $proc$spi_top.v:100$32 in module spi_top.
Marked 2 switch rules as full_case in process $proc$spi_top.v:90$28 in module spi_top.
Marked 1 switch rules as full_case in process $proc$spi_top.v:82$24 in module spi_top.
Marked 1 switch rules as full_case in process $proc$spi_top.v:76$23 in module spi_top.
Marked 1 switch rules as full_case in process $proc$spi_top.v:62$22 in module spi_top.
Removed a total of 0 dead cases.

5.2.3. Executing PROC_PRUNE pass (remove redundant assignments in processes).
Removed 8 redundant assignments.
Promoted 6 assignments to connections.

5.2.4. Executing PROC_INIT pass (extract init attributes).

5.2.5. Executing PROC_ARST pass (detect async resets in processes).
Found async reset \rst in `\spi_clgen.$proc$spi_clgen.v:48$167'.
Found async reset \rst in `\spi_clgen.$proc$spi_clgen.v:40$160'.
Found async reset \rst in `\spi_clgen.$proc$spi_clgen.v:28$156'.
Found async reset \rst in `\spi_shift.$proc$spi_shift.v:77$93'.
Found async reset \rst in `\spi_shift.$proc$spi_shift.v:69$89'.
Found async reset \rst in `\spi_shift.$proc$spi_shift.v:59$84'.
Found async reset \rst in `\spi_shift.$proc$spi_shift.v:47$78'.
Found async reset \wb_rst_i in `\spi_top.$proc$spi_top.v:130$42'.
Found async reset \wb_rst_i in `\spi_top.$proc$spi_top.v:110$36'.
Found async reset \wb_rst_i in `\spi_top.$proc$spi_top.v:100$32'.
Found async reset \wb_rst_i in `\spi_top.$proc$spi_top.v:90$28'.
Found async reset \wb_rst_i in `\spi_top.$proc$spi_top.v:82$24'.
Found async reset \wb_rst_i in `\spi_top.$proc$spi_top.v:76$23'.

5.2.6. Executing PROC_ROM pass (convert switches to ROMs).
Converted 0 switches.
<suppressed ~39 debug messages>

5.2.7. Executing PROC_MUX pass (convert decision trees to multiplexers).
Creating decoders for process `\spi_clgen.$proc$spi_clgen.v:48$167'.
     1/2: $0\neg_edge[0:0]
     2/2: $0\pos_edge[0:0]
Creating decoders for process `\spi_clgen.$proc$spi_clgen.v:40$160'.
     1/1: $0\clk_out[0:0]
Creating decoders for process `\spi_clgen.$proc$spi_clgen.v:28$156'.
     1/1: $0\cnt[15:0]
Creating decoders for process `\spi_shift.$proc$spi_shift.v:77$93'.
     1/54: $17$lookahead\data$92[127:0]$137 [127:120]
     2/54: $20$lookahead\data$92[111:104]$140
     3/54: $19$lookahead\data$92[119:112]$139
     4/54: $18$lookahead\data$92[127:120]$138
     5/54: $17$lookahead\data$92[127:0]$137 [95:0]
     6/54: $17$lookahead\data$92[127:0]$137 [103:96]
     7/54: $17$lookahead\data$92[127:0]$137 [111:104]
     8/54: $17$lookahead\data$92[127:0]$137 [119:112]
     9/54: $21$lookahead\data$92[103:96]$141
    10/54: $5$bitselwrite$sel$spi_shift.v:108$55[6:0]$136
    11/54: $5$bitselwrite$data$spi_shift.v:108$54[127:0]$135
    12/54: $5$bitselwrite$mask$spi_shift.v:108$53[127:0]$134
    13/54: $12$lookahead\data$92[127:0]$127 [127:96]
    14/54: $12$lookahead\data$92[127:0]$127 [63:0]
    15/54: $15$lookahead\data$92[79:72]$130
    16/54: $14$lookahead\data$92[87:80]$129
    17/54: $13$lookahead\data$92[95:88]$128
    18/54: $12$lookahead\data$92[127:0]$127 [95:88]
    19/54: $12$lookahead\data$92[127:0]$127 [71:64]
    20/54: $12$lookahead\data$92[127:0]$127 [79:72]
    21/54: $12$lookahead\data$92[127:0]$127 [87:80]
    22/54: $16$lookahead\data$92[71:64]$131
    23/54: $4$bitselwrite$sel$spi_shift.v:108$55[6:0]$126
    24/54: $4$bitselwrite$data$spi_shift.v:108$54[127:0]$125
    25/54: $4$bitselwrite$mask$spi_shift.v:108$53[127:0]$124
    26/54: $7$lookahead\data$92[127:0]$117 [127:64]
    27/54: $7$lookahead\data$92[127:0]$117 [31:0]
    28/54: $10$lookahead\data$92[47:40]$120
    29/54: $9$lookahead\data$92[55:48]$119
    30/54: $8$lookahead\data$92[63:56]$118
    31/54: $7$lookahead\data$92[127:0]$117 [63:56]
    32/54: $7$lookahead\data$92[127:0]$117 [39:32]
    33/54: $7$lookahead\data$92[127:0]$117 [47:40]
    34/54: $7$lookahead\data$92[127:0]$117 [55:48]
    35/54: $11$lookahead\data$92[39:32]$121
    36/54: $3$bitselwrite$sel$spi_shift.v:108$55[6:0]$116
    37/54: $3$bitselwrite$data$spi_shift.v:108$54[127:0]$115
    38/54: $3$bitselwrite$mask$spi_shift.v:108$53[127:0]$114
    39/54: $2$lookahead\data$92[127:0]$107 [127:32]
    40/54: $5$lookahead\data$92[15:8]$110
    41/54: $4$lookahead\data$92[23:16]$109
    42/54: $3$lookahead\data$92[31:24]$108
    43/54: $6$lookahead\data$92[7:0]$111
    44/54: $2$lookahead\data$92[127:0]$107 [7:0]
    45/54: $2$lookahead\data$92[127:0]$107 [15:8]
    46/54: $2$lookahead\data$92[127:0]$107 [23:16]
    47/54: $2$lookahead\data$92[127:0]$107 [31:24]
    48/54: $2$bitselwrite$sel$spi_shift.v:108$55[6:0]$106
    49/54: $2$bitselwrite$data$spi_shift.v:108$54[127:0]$105
    50/54: $2$bitselwrite$mask$spi_shift.v:108$53[127:0]$104
    51/54: $1$lookahead\data$92[127:0]$101
    52/54: $1$bitselwrite$sel$spi_shift.v:108$55[6:0]$100
    53/54: $1$bitselwrite$data$spi_shift.v:108$54[127:0]$99
    54/54: $1$bitselwrite$mask$spi_shift.v:108$53[127:0]$98
Creating decoders for process `\spi_shift.$proc$spi_shift.v:69$89'.
     1/1: $0\s_out[0:0]
Creating decoders for process `\spi_shift.$proc$spi_shift.v:59$84'.
     1/1: $0\tip[0:0]
Creating decoders for process `\spi_shift.$proc$spi_shift.v:47$78'.
     1/1: $0\cnt[7:0]
Creating decoders for process `\spi_top.$proc$spi_top.v:130$42'.
     1/4: $0\ss[31:0] [31:24]
     2/4: $0\ss[31:0] [23:16]
     3/4: $0\ss[31:0] [15:8]
     4/4: $0\ss[31:0] [7:0]
Creating decoders for process `\spi_top.$proc$spi_top.v:110$36'.
     1/3: $0\ctrl[13:0] [13:9]
     2/3: $0\ctrl[13:0] [8]
     3/3: $0\ctrl[13:0] [7:0]
Creating decoders for process `\spi_top.$proc$spi_top.v:100$32'.
     1/2: $0\divider[15:0] [15:8]
     2/2: $0\divider[15:0] [7:0]
Creating decoders for process `\spi_top.$proc$spi_top.v:90$28'.
     1/1: $0\wb_int_o[0:0]
Creating decoders for process `\spi_top.$proc$spi_top.v:82$24'.
     1/1: $0\wb_ack_o[0:0]
Creating decoders for process `\spi_top.$proc$spi_top.v:76$23'.
     1/1: $0\wb_dat_o[31:0]
Creating decoders for process `\spi_top.$proc$spi_top.v:62$22'.
     1/1: $1\wb_dat[31:0]

5.2.8. Executing PROC_DLATCH pass (convert process syncs to latches).
No latch inferred for signal `\spi_top.\wb_dat' from process `\spi_top.$proc$spi_top.v:62$22'.

5.2.9. Executing PROC_DFF pass (convert process syncs to FFs).
Creating register for signal `\spi_clgen.\pos_edge' using process `\spi_clgen.$proc$spi_clgen.v:48$167'.
  created $adff cell `$procdff$678' with positive edge clock and positive level reset.
Creating register for signal `\spi_clgen.\neg_edge' using process `\spi_clgen.$proc$spi_clgen.v:48$167'.
  created $adff cell `$procdff$679' with positive edge clock and positive level reset.
Creating register for signal `\spi_clgen.\clk_out' using process `\spi_clgen.$proc$spi_clgen.v:40$160'.
  created $adff cell `$procdff$680' with positive edge clock and positive level reset.
Creating register for signal `\spi_clgen.\cnt' using process `\spi_clgen.$proc$spi_clgen.v:28$156'.
  created $adff cell `$procdff$681' with positive edge clock and positive level reset.
Creating register for signal `\spi_shift.\data' using process `\spi_shift.$proc$spi_shift.v:77$93'.
  created $adff cell `$procdff$682' with positive edge clock and positive level reset.
Creating register for signal `\spi_shift.$bitselwrite$mask$spi_shift.v:108$53' using process `\spi_shift.$proc$spi_shift.v:77$93'.
  created $adff cell `$procdff$683' with positive edge clock and positive level reset.
Creating register for signal `\spi_shift.$bitselwrite$data$spi_shift.v:108$54' using process `\spi_shift.$proc$spi_shift.v:77$93'.
  created $adff cell `$procdff$684' with positive edge clock and positive level reset.
Creating register for signal `\spi_shift.$bitselwrite$sel$spi_shift.v:108$55' using process `\spi_shift.$proc$spi_shift.v:77$93'.
  created $adff cell `$procdff$685' with positive edge clock and positive level reset.
Creating register for signal `\spi_shift.$lookahead\data$92' using process `\spi_shift.$proc$spi_shift.v:77$93'.
  created $adff cell `$procdff$686' with positive edge clock and positive level reset.
Creating register for signal `\spi_shift.\s_out' using process `\spi_shift.$proc$spi_shift.v:69$89'.
  created $adff cell `$procdff$687' with positive edge clock and positive level reset.
Creating register for signal `\spi_shift.\tip' using process `\spi_shift.$proc$spi_shift.v:59$84'.
  created $adff cell `$procdff$688' with positive edge clock and positive level reset.
Creating register for signal `\spi_shift.\cnt' using process `\spi_shift.$proc$spi_shift.v:47$78'.
  created $adff cell `$procdff$689' with positive edge clock and positive level reset.
Creating register for signal `\spi_top.\ss' using process `\spi_top.$proc$spi_top.v:130$42'.
  created $adff cell `$procdff$690' with positive edge clock and positive level reset.
Creating register for signal `\spi_top.\ctrl' using process `\spi_top.$proc$spi_top.v:110$36'.
  created $adff cell `$procdff$691' with positive edge clock and positive level reset.
Creating register for signal `\spi_top.\divider' using process `\spi_top.$proc$spi_top.v:100$32'.
  created $adff cell `$procdff$692' with positive edge clock and positive level reset.
Creating register for signal `\spi_top.\wb_int_o' using process `\spi_top.$proc$spi_top.v:90$28'.
  created $adff cell `$procdff$693' with positive edge clock and positive level reset.
Creating register for signal `\spi_top.\wb_ack_o' using process `\spi_top.$proc$spi_top.v:82$24'.
  created $adff cell `$procdff$694' with positive edge clock and positive level reset.
Creating register for signal `\spi_top.\wb_dat_o' using process `\spi_top.$proc$spi_top.v:76$23'.
  created $adff cell `$procdff$695' with positive edge clock and positive level reset.

5.2.10. Executing PROC_MEMWR pass (convert process memory writes to cells).

5.2.11. Executing PROC_CLEAN pass (remove empty switches from decision trees).
Removing empty process `spi_clgen.$proc$spi_clgen.v:48$167'.
Removing empty process `spi_clgen.$proc$spi_clgen.v:40$160'.
Found and cleaned up 1 empty switch in `\spi_clgen.$proc$spi_clgen.v:28$156'.
Removing empty process `spi_clgen.$proc$spi_clgen.v:28$156'.
Found and cleaned up 20 empty switches in `\spi_shift.$proc$spi_shift.v:77$93'.
Removing empty process `spi_shift.$proc$spi_shift.v:77$93'.
Removing empty process `spi_shift.$proc$spi_shift.v:69$89'.
Found and cleaned up 2 empty switches in `\spi_shift.$proc$spi_shift.v:59$84'.
Removing empty process `spi_shift.$proc$spi_shift.v:59$84'.
Found and cleaned up 1 empty switch in `\spi_shift.$proc$spi_shift.v:47$78'.
Removing empty process `spi_shift.$proc$spi_shift.v:47$78'.
Found and cleaned up 5 empty switches in `\spi_top.$proc$spi_top.v:130$42'.
Removing empty process `spi_top.$proc$spi_top.v:130$42'.
Found and cleaned up 4 empty switches in `\spi_top.$proc$spi_top.v:110$36'.
Removing empty process `spi_top.$proc$spi_top.v:110$36'.
Found and cleaned up 3 empty switches in `\spi_top.$proc$spi_top.v:100$32'.
Removing empty process `spi_top.$proc$spi_top.v:100$32'.
Found and cleaned up 2 empty switches in `\spi_top.$proc$spi_top.v:90$28'.
Removing empty process `spi_top.$proc$spi_top.v:90$28'.
Removing empty process `spi_top.$proc$spi_top.v:82$24'.
Removing empty process `spi_top.$proc$spi_top.v:76$23'.
Found and cleaned up 1 empty switch in `\spi_top.$proc$spi_top.v:62$22'.
Removing empty process `spi_top.$proc$spi_top.v:62$22'.
Cleaned up 39 empty switches.

5.2.12. Executing OPT_EXPR pass (perform const folding).
Optimizing module spi_clgen.
<suppressed ~1 debug messages>
Optimizing module spi_shift.
<suppressed ~4 debug messages>
Optimizing module spi_top.
<suppressed ~2 debug messages>

5.3. Executing OPT_EXPR pass (perform const folding).
Optimizing module spi_clgen.
Optimizing module spi_shift.
<suppressed ~2 debug messages>
Optimizing module spi_top.

5.4. Executing OPT_CLEAN pass (remove unused cells and wires).
Finding unused cells or wires in module \spi_clgen..
Finding unused cells or wires in module \spi_shift..
Finding unused cells or wires in module \spi_top..
Removed 35 unused cells and 302 unused wires.
<suppressed ~40 debug messages>

5.5. Executing CHECK pass (checking for obvious problems).
Checking module spi_clgen...
Checking module spi_shift...
Checking module spi_top...
Found and reported 0 problems.

5.6. Executing OPT pass (performing simple optimizations).

5.6.1. Executing OPT_EXPR pass (perform const folding).
Optimizing module spi_clgen.
Optimizing module spi_shift.
Optimizing module spi_top.

5.6.2. Executing OPT_MERGE pass (detect identical cells).
Finding identical cells in module `\spi_clgen'.
<suppressed ~18 debug messages>
Finding identical cells in module `\spi_shift'.
<suppressed ~27 debug messages>
Finding identical cells in module `\spi_top'.
<suppressed ~48 debug messages>
Removed a total of 31 cells.

5.6.3. Executing OPT_MUXTREE pass (detect dead branches in mux trees).
Running muxtree optimizer on module \spi_clgen..
  Creating internal representation of mux trees.
  Evaluating internal representation of mux trees.
  Analyzing evaluation results.
Running muxtree optimizer on module \spi_shift..
  Creating internal representation of mux trees.
  Evaluating internal representation of mux trees.
  Analyzing evaluation results.
    dead port 1/2 on $mux $procmux$196.
    dead port 1/2 on $mux $procmux$199.
    dead port 1/2 on $mux $procmux$202.
    dead port 2/2 on $mux $procmux$208.
    dead port 1/2 on $mux $procmux$211.
    dead port 1/2 on $mux $procmux$214.
    dead port 1/2 on $mux $procmux$217.
    dead port 2/2 on $mux $procmux$223.
    dead port 1/2 on $mux $procmux$226.
    dead port 1/2 on $mux $procmux$229.
    dead port 1/2 on $mux $procmux$232.
    dead port 2/2 on $mux $procmux$238.
    dead port 1/2 on $mux $procmux$241.
    dead port 1/2 on $mux $procmux$244.
    dead port 1/2 on $mux $procmux$247.
    dead port 1/2 on $mux $procmux$253.
    dead port 1/2 on $mux $procmux$256.
    dead port 1/2 on $mux $procmux$259.
    dead port 1/2 on $mux $procmux$265.
    dead port 1/2 on $mux $procmux$268.
    dead port 1/2 on $mux $procmux$271.
    dead port 1/2 on $mux $procmux$277.
    dead port 1/2 on $mux $procmux$280.
    dead port 1/2 on $mux $procmux$283.
    dead port 1/2 on $mux $procmux$289.
    dead port 1/2 on $mux $procmux$292.
    dead port 1/2 on $mux $procmux$295.
    dead port 2/2 on $mux $procmux$301.
    dead port 1/2 on $mux $procmux$304.
    dead port 1/2 on $mux $procmux$307.
    dead port 1/2 on $mux $procmux$310.
    dead port 1/2 on $mux $procmux$352.
    dead port 1/2 on $mux $procmux$355.
    dead port 1/2 on $mux $procmux$361.
    dead port 1/2 on $mux $procmux$364.
    dead port 2/2 on $mux $procmux$370.
    dead port 1/2 on $mux $procmux$373.
    dead port 1/2 on $mux $procmux$376.
    dead port 2/2 on $mux $procmux$382.
    dead port 1/2 on $mux $procmux$385.
    dead port 1/2 on $mux $procmux$388.
    dead port 2/2 on $mux $procmux$394.
    dead port 1/2 on $mux $procmux$397.
    dead port 1/2 on $mux $procmux$400.
    dead port 1/2 on $mux $procmux$406.
    dead port 1/2 on $mux $procmux$409.
    dead port 1/2 on $mux $procmux$415.
    dead port 1/2 on $mux $procmux$418.
    dead port 1/2 on $mux $procmux$424.
    dead port 1/2 on $mux $procmux$427.
    dead port 1/2 on $mux $procmux$433.
    dead port 1/2 on $mux $procmux$436.
    dead port 2/2 on $mux $procmux$442.
    dead port 1/2 on $mux $procmux$445.
    dead port 1/2 on $mux $procmux$448.
    dead port 1/2 on $mux $procmux$481.
    dead port 1/2 on $mux $procmux$487.
    dead port 2/2 on $mux $procmux$493.
    dead port 1/2 on $mux $procmux$496.
    dead port 2/2 on $mux $procmux$502.
    dead port 1/2 on $mux $procmux$505.
    dead port 2/2 on $mux $procmux$511.
    dead port 1/2 on $mux $procmux$514.
    dead port 1/2 on $mux $procmux$520.
    dead port 1/2 on $mux $procmux$526.
    dead port 1/2 on $mux $procmux$532.
    dead port 1/2 on $mux $procmux$538.
    dead port 2/2 on $mux $procmux$544.
    dead port 1/2 on $mux $procmux$547.
    dead port 2/2 on $mux $procmux$574.
    dead port 2/2 on $mux $procmux$580.
    dead port 2/2 on $mux $procmux$586.
    dead port 2/2 on $mux $procmux$592.
Running muxtree optimizer on module \spi_top..
  Creating internal representation of mux trees.
  Evaluating internal representation of mux trees.
  Analyzing evaluation results.
Removed 73 multiplexer ports.
<suppressed ~30 debug messages>

5.6.4. Executing OPT_REDUCE pass (consolidate $*mux and $reduce_* inputs).
  Optimizing cells in module \spi_clgen.
  Optimizing cells in module \spi_shift.
  Optimizing cells in module \spi_top.
Performed a total of 0 changes.

5.6.5. Executing OPT_MERGE pass (detect identical cells).
Finding identical cells in module `\spi_clgen'.
Finding identical cells in module `\spi_shift'.
Finding identical cells in module `\spi_top'.
Removed a total of 0 cells.

5.6.6. Executing OPT_DFF pass (perform DFF optimizations).

5.6.7. Executing OPT_CLEAN pass (remove unused cells and wires).
Finding unused cells or wires in module \spi_clgen..
Finding unused cells or wires in module \spi_shift..
Finding unused cells or wires in module \spi_top..
Removed 0 unused cells and 104 unused wires.
<suppressed ~3 debug messages>

5.6.8. Executing OPT_EXPR pass (perform const folding).
Optimizing module spi_clgen.
Optimizing module spi_shift.
Optimizing module spi_top.

5.6.9. Rerunning OPT passes. (Maybe there is more to do..)

5.6.10. Executing OPT_MUXTREE pass (detect dead branches in mux trees).
Running muxtree optimizer on module \spi_clgen..
  Creating internal representation of mux trees.
  Evaluating internal representation of mux trees.
  Analyzing evaluation results.
Running muxtree optimizer on module \spi_shift..
  Creating internal representation of mux trees.
  Evaluating internal representation of mux trees.
  Analyzing evaluation results.
Running muxtree optimizer on module \spi_top..
  Creating internal representation of mux trees.
  Evaluating internal representation of mux trees.
  Analyzing evaluation results.
Removed 0 multiplexer ports.
<suppressed ~30 debug messages>

5.6.11. Executing OPT_REDUCE pass (consolidate $*mux and $reduce_* inputs).
  Optimizing cells in module \spi_clgen.
  Optimizing cells in module \spi_shift.
  Optimizing cells in module \spi_top.
Performed a total of 0 changes.

5.6.12. Executing OPT_MERGE pass (detect identical cells).
Finding identical cells in module `\spi_clgen'.
Finding identical cells in module `\spi_shift'.
Finding identical cells in module `\spi_top'.
Removed a total of 0 cells.

5.6.13. Executing OPT_DFF pass (perform DFF optimizations).

5.6.14. Executing OPT_CLEAN pass (remove unused cells and wires).
Finding unused cells or wires in module \spi_clgen..
Finding unused cells or wires in module \spi_shift..
Finding unused cells or wires in module \spi_top..

5.6.15. Executing OPT_EXPR pass (perform const folding).
Optimizing module spi_clgen.
Optimizing module spi_shift.
Optimizing module spi_top.

5.6.16. Finished OPT passes. (There is nothing left to do.)

5.7. Executing FSM pass (extract and optimize FSM).

5.7.1. Executing FSM_DETECT pass (finding FSMs in design).

5.7.2. Executing FSM_EXTRACT pass (extracting FSM from design).

5.7.3. Executing FSM_OPT pass (simple optimizations of FSMs).

5.7.4. Executing OPT_CLEAN pass (remove unused cells and wires).
Finding unused cells or wires in module \spi_clgen..
Finding unused cells or wires in module \spi_shift..
Finding unused cells or wires in module \spi_top..

5.7.5. Executing FSM_OPT pass (simple optimizations of FSMs).

5.7.6. Executing FSM_RECODE pass (re-assigning FSM state encoding).

5.7.7. Executing FSM_INFO pass (dumping all available information on FSM cells).

5.7.8. Executing FSM_MAP pass (mapping FSMs to basic logic).

5.8. Executing OPT pass (performing simple optimizations).

5.8.1. Executing OPT_EXPR pass (perform const folding).
Optimizing module spi_clgen.
Optimizing module spi_shift.
Optimizing module spi_top.

5.8.2. Executing OPT_MERGE pass (detect identical cells).
Finding identical cells in module `\spi_clgen'.
Finding identical cells in module `\spi_shift'.
Finding identical cells in module `\spi_top'.
Removed a total of 0 cells.

5.8.3. Executing OPT_MUXTREE pass (detect dead branches in mux trees).
Running muxtree optimizer on module \spi_clgen..
  Creating internal representation of mux trees.
  Evaluating internal representation of mux trees.
  Analyzing evaluation results.
Running muxtree optimizer on module \spi_shift..
  Creating internal representation of mux trees.
  Evaluating internal representation of mux trees.
  Analyzing evaluation results.
Running muxtree optimizer on module \spi_top..
  Creating internal representation of mux trees.
  Evaluating internal representation of mux trees.
  Analyzing evaluation results.
Removed 0 multiplexer ports.
<suppressed ~30 debug messages>

5.8.4. Executing OPT_REDUCE pass (consolidate $*mux and $reduce_* inputs).
  Optimizing cells in module \spi_clgen.
  Optimizing cells in module \spi_shift.
  Optimizing cells in module \spi_top.
Performed a total of 0 changes.

5.8.5. Executing OPT_MERGE pass (detect identical cells).
Finding identical cells in module `\spi_clgen'.
Finding identical cells in module `\spi_shift'.
Finding identical cells in module `\spi_top'.
Removed a total of 0 cells.

5.8.6. Executing OPT_DFF pass (perform DFF optimizations).
Adding EN signal on $procdff$680 ($adff) from module spi_clgen (D = $not$spi_clgen.v:45$165_Y, Q = \clk_out).
Adding EN signal on $procdff$689 ($adff) from module spi_shift (D = $0\cnt[7:0], Q = \cnt).
Adding EN signal on $procdff$688 ($adff) from module spi_shift (D = $0\tip[0:0], Q = \tip).
Adding EN signal on $procdff$687 ($adff) from module spi_shift (D = $shiftx$spi_shift.v:0$90_Y, Q = \s_out).
Adding EN signal on $procdff$682 ($adff) from module spi_shift (D = $0$lookahead\data$92[127:0]$97 [7:0], Q = \data [7:0]).
Adding EN signal on $procdff$682 ($adff) from module spi_shift (D = $7$lookahead\data$92[127:0]$117 [39:32], Q = \data [39:32]).
Adding EN signal on $procdff$682 ($adff) from module spi_shift (D = $12$lookahead\data$92[127:0]$127 [71:64], Q = \data [71:64]).
Adding EN signal on $procdff$682 ($adff) from module spi_shift (D = $17$lookahead\data$92[127:0]$137 [103:96], Q = \data [103:96]).
Adding EN signal on $procdff$682 ($adff) from module spi_shift (D = $0$lookahead\data$92[127:0]$97 [15:8], Q = \data [15:8]).
Adding EN signal on $procdff$682 ($adff) from module spi_shift (D = $7$lookahead\data$92[127:0]$117 [47:40], Q = \data [47:40]).
Adding EN signal on $procdff$682 ($adff) from module spi_shift (D = $12$lookahead\data$92[127:0]$127 [79:72], Q = \data [79:72]).
Adding EN signal on $procdff$682 ($adff) from module spi_shift (D = $17$lookahead\data$92[127:0]$137 [111:104], Q = \data [111:104]).
Adding EN signal on $procdff$682 ($adff) from module spi_shift (D = $0$lookahead\data$92[127:0]$97 [23:16], Q = \data [23:16]).
Adding EN signal on $procdff$682 ($adff) from module spi_shift (D = $7$lookahead\data$92[127:0]$117 [55:48], Q = \data [55:48]).
Adding EN signal on $procdff$682 ($adff) from module spi_shift (D = $12$lookahead\data$92[127:0]$127 [87:80], Q = \data [87:80]).
Adding EN signal on $procdff$682 ($adff) from module spi_shift (D = $17$lookahead\data$92[127:0]$137 [119:112], Q = \data [119:112]).
Adding EN signal on $procdff$682 ($adff) from module spi_shift (D = $0$lookahead\data$92[127:0]$97 [31:24], Q = \data [31:24]).
Adding EN signal on $procdff$682 ($adff) from module spi_shift (D = $7$lookahead\data$92[127:0]$117 [63:56], Q = \data [63:56]).
Adding EN signal on $procdff$682 ($adff) from module spi_shift (D = $12$lookahead\data$92[127:0]$127 [95:88], Q = \data [95:88]).
Adding EN signal on $procdff$682 ($adff) from module spi_shift (D = $17$lookahead\data$92[127:0]$137 [127:120], Q = \data [127:120]).
Adding EN signal on $procdff$693 ($adff) from module spi_top (D = $0\wb_int_o[0:0], Q = \wb_int_o).
Adding EN signal on $procdff$692 ($adff) from module spi_top (D = \wb_dat_i [7:0], Q = \divider [7:0]).
Adding EN signal on $procdff$692 ($adff) from module spi_top (D = \wb_dat_i [15:8], Q = \divider [15:8]).
Adding EN signal on $procdff$691 ($adff) from module spi_top (D = \wb_dat_i [7:0], Q = \ctrl [7:0]).
Adding EN signal on $procdff$691 ($adff) from module spi_top (D = \wb_dat_i [13:9], Q = \ctrl [13:9]).
Adding EN signal on $procdff$691 ($adff) from module spi_top (D = $0\ctrl[13:0] [8], Q = \ctrl [8]).
Adding EN signal on $procdff$690 ($adff) from module spi_top (D = \wb_dat_i [7:0], Q = \ss [7:0]).
Adding EN signal on $procdff$690 ($adff) from module spi_top (D = \wb_dat_i [15:8], Q = \ss [15:8]).
Adding EN signal on $procdff$690 ($adff) from module spi_top (D = \wb_dat_i [23:16], Q = \ss [23:16]).
Adding EN signal on $procdff$690 ($adff) from module spi_top (D = \wb_dat_i [31:24], Q = \ss [31:24]).

5.8.7. Executing OPT_CLEAN pass (remove unused cells and wires).
Finding unused cells or wires in module \spi_clgen..
Finding unused cells or wires in module \spi_shift..
Finding unused cells or wires in module \spi_top..
Removed 21 unused cells and 12 unused wires.
<suppressed ~24 debug messages>

5.8.8. Executing OPT_EXPR pass (perform const folding).
Optimizing module spi_clgen.
Optimizing module spi_shift.
<suppressed ~1 debug messages>
Optimizing module spi_top.
<suppressed ~2 debug messages>

5.8.9. Rerunning OPT passes. (Maybe there is more to do..)

5.8.10. Executing OPT_MUXTREE pass (detect dead branches in mux trees).
Running muxtree optimizer on module \spi_clgen..
  Creating internal representation of mux trees.
  Evaluating internal representation of mux trees.
  Analyzing evaluation results.
Running muxtree optimizer on module \spi_shift..
  Creating internal representation of mux trees.
  Evaluating internal representation of mux trees.
  Analyzing evaluation results.
Running muxtree optimizer on module \spi_top..
  Creating internal representation of mux trees.
  Evaluating internal representation of mux trees.
  Analyzing evaluation results.
Removed 0 multiplexer ports.
<suppressed ~31 debug messages>

5.8.11. Executing OPT_REDUCE pass (consolidate $*mux and $reduce_* inputs).
  Optimizing cells in module \spi_clgen.
  Optimizing cells in module \spi_shift.
  Optimizing cells in module \spi_top.
Performed a total of 0 changes.

5.8.12. Executing OPT_MERGE pass (detect identical cells).
Finding identical cells in module `\spi_clgen'.
Finding identical cells in module `\spi_shift'.
<suppressed ~153 debug messages>
Finding identical cells in module `\spi_top'.
Removed a total of 51 cells.

5.8.13. Executing OPT_DFF pass (perform DFF optimizations).

5.8.14. Executing OPT_CLEAN pass (remove unused cells and wires).
Finding unused cells or wires in module \spi_clgen..
Finding unused cells or wires in module \spi_shift..
Finding unused cells or wires in module \spi_top..
Removed 0 unused cells and 51 unused wires.
<suppressed ~1 debug messages>

5.8.15. Executing OPT_EXPR pass (perform const folding).
Optimizing module spi_clgen.
Optimizing module spi_shift.
Optimizing module spi_top.

5.8.16. Rerunning OPT passes. (Maybe there is more to do..)

5.8.17. Executing OPT_MUXTREE pass (detect dead branches in mux trees).
Running muxtree optimizer on module \spi_clgen..
  Creating internal representation of mux trees.
  Evaluating internal representation of mux trees.
  Analyzing evaluation results.
Running muxtree optimizer on module \spi_shift..
  Creating internal representation of mux trees.
  Evaluating internal representation of mux trees.
  Analyzing evaluation results.
Running muxtree optimizer on module \spi_top..
  Creating internal representation of mux trees.
  Evaluating internal representation of mux trees.
  Analyzing evaluation results.
Removed 0 multiplexer ports.
<suppressed ~35 debug messages>

5.8.18. Executing OPT_REDUCE pass (consolidate $*mux and $reduce_* inputs).
  Optimizing cells in module \spi_clgen.
  Optimizing cells in module \spi_shift.
  Optimizing cells in module \spi_top.
Performed a total of 0 changes.

5.8.19. Executing OPT_MERGE pass (detect identical cells).
Finding identical cells in module `\spi_clgen'.
Finding identical cells in module `\spi_shift'.
Finding identical cells in module `\spi_top'.
Removed a total of 0 cells.

5.8.20. Executing OPT_DFF pass (perform DFF optimizations).

5.8.21. Executing OPT_CLEAN pass (remove unused cells and wires).
Finding unused cells or wires in module \spi_clgen..
Finding unused cells or wires in module \spi_shift..
Finding unused cells or wires in module \spi_top..

5.8.22. Executing OPT_EXPR pass (perform const folding).
Optimizing module spi_clgen.
Optimizing module spi_shift.
Optimizing module spi_top.

5.8.23. Finished OPT passes. (There is nothing left to do.)

5.9. Executing WREDUCE pass (reducing word size of cells).
Removed top 15 bits (of 16) from port B of cell spi_clgen.$eq$spi_clgen.v:26$155 ($eq).
Removed top 15 bits (of 16) from port B of cell spi_clgen.$sub$spi_clgen.v:36$159 ($sub).
Removed top 1 bits (of 2) from port B of cell spi_shift.$auto$opt_dff.cc:195:make_patterns_logic$699 ($ne).
Removed top 7 bits (of 8) from port B of cell spi_shift.$sub$spi_shift.v:40$59 ($sub).
Removed top 1 bits (of 8) from mux cell spi_shift.$ternary$spi_shift.v:40$60 ($mux).
Removed top 7 bits (of 8) from port B of cell spi_shift.$add$spi_shift.v:41$63 ($add).
Removed top 1 bits (of 8) from mux cell spi_shift.$ternary$spi_shift.v:41$68 ($mux).
Removed top 24 bits (of 32) from port A of cell spi_shift.$neg$spi_shift.v:0$143 ($neg).
Converting cell spi_shift.$neg$spi_shift.v:0$143 ($neg) from signed to unsigned.
Removed top 1 bits (of 8) from port A of cell spi_shift.$neg$spi_shift.v:0$143 ($neg).
Removed top 1 bits (of 8) from port Y of cell spi_shift.$sub$spi_shift.v:40$58 ($sub).
Removed top 1 bits (of 8) from port A of cell spi_shift.$sub$spi_shift.v:40$58 ($sub).
Removed top 1 bits (of 8) from port B of cell spi_shift.$sub$spi_shift.v:40$58 ($sub).
Removed top 1 bits (of 8) from port Y of cell spi_shift.$sub$spi_shift.v:41$65 ($sub).
Removed top 1 bits (of 8) from port A of cell spi_shift.$sub$spi_shift.v:41$65 ($sub).
Removed top 1 bits (of 8) from port B of cell spi_shift.$sub$spi_shift.v:41$65 ($sub).
Removed top 1 bits (of 8) from mux cell spi_shift.$ternary$spi_shift.v:42$67 ($mux).
Removed top 1 bits (of 8) from mux cell spi_shift.$ternary$spi_shift.v:41$64 ($mux).
Removed top 1 bits (of 8) from port Y of cell spi_shift.$add$spi_shift.v:41$63 ($add).
Removed top 1 bits (of 8) from port A of cell spi_shift.$add$spi_shift.v:41$63 ($add).
Removed top 96 bits (of 128) from wire spi_shift.$0$lookahead\data$92[127:0]$97.
Removed top 32 bits (of 128) from wire spi_shift.$12$lookahead\data$92[127:0]$127.
Removed top 64 bits (of 128) from wire spi_shift.$7$lookahead\data$92[127:0]$117.
Removed top 1 bits (of 8) from wire spi_shift.$add$spi_shift.v:41$63_Y.
Removed top 127 bits (of 128) from wire spi_shift.$and$spi_shift.v:0$147_Y.
Removed top 1 bits (of 8) from wire spi_shift.$sub$spi_shift.v:40$58_Y.
Removed top 1 bits (of 8) from wire spi_shift.rx_bit_pos.
Removed top 1 bits (of 8) from wire spi_shift.tx_bit_pos.
Removed top 2 bits (of 3) from port B of cell spi_top.$eq$spi_top.v:57$11 ($eq).
Removed top 1 bits (of 3) from port B of cell spi_top.$eq$spi_top.v:58$14 ($eq).
Removed top 1 bits (of 3) from port B of cell spi_top.$eq$spi_top.v:59$17 ($eq).
Removed top 5 bits (of 14) from wire spi_top.$0\ctrl[13:0].

5.10. Executing PEEPOPT pass (run peephole optimizers).

5.11. Executing OPT_CLEAN pass (remove unused cells and wires).
Finding unused cells or wires in module \spi_clgen..
Finding unused cells or wires in module \spi_shift..
Finding unused cells or wires in module \spi_top..
Removed 1 unused cells and 10 unused wires.
<suppressed ~3 debug messages>

5.12. Executing ALUMACC pass (create $alu and $macc cells).
Extracting $alu and $macc cells in module spi_clgen:
  creating $macc model for $sub$spi_clgen.v:36$159 ($sub).
  creating $alu model for $macc $sub$spi_clgen.v:36$159.
  creating $alu cell for $sub$spi_clgen.v:36$159: $auto$alumacc.cc:485:replace_alu$923
  created 1 $alu and 0 $macc cells.
Extracting $alu and $macc cells in module spi_shift:
  creating $macc model for $add$spi_shift.v:41$63 ($add).
  creating $macc model for $neg$spi_shift.v:0$143 ($neg).
  creating $macc model for $sub$spi_shift.v:40$58 ($sub).
  creating $macc model for $sub$spi_shift.v:40$59 ($sub).
  creating $macc model for $sub$spi_shift.v:41$65 ($sub).
  creating $alu model for $macc $sub$spi_shift.v:41$65.
  creating $alu model for $macc $sub$spi_shift.v:40$59.
  creating $alu model for $macc $sub$spi_shift.v:40$58.
  creating $alu model for $macc $neg$spi_shift.v:0$143.
  creating $alu model for $macc $add$spi_shift.v:41$63.
  creating $alu cell for $add$spi_shift.v:41$63: $auto$alumacc.cc:485:replace_alu$926
  creating $alu cell for $neg$spi_shift.v:0$143: $auto$alumacc.cc:485:replace_alu$929
  creating $alu cell for $sub$spi_shift.v:40$58: $auto$alumacc.cc:485:replace_alu$932
  creating $alu cell for $sub$spi_shift.v:40$59: $auto$alumacc.cc:485:replace_alu$935
  creating $alu cell for $sub$spi_shift.v:41$65: $auto$alumacc.cc:485:replace_alu$938
  created 5 $alu and 0 $macc cells.
Extracting $alu and $macc cells in module spi_top:
  created 0 $alu and 0 $macc cells.

5.13. Executing SHARE pass (SAT-based resource sharing).

5.14. Executing OPT pass (performing simple optimizations).

5.14.1. Executing OPT_EXPR pass (perform const folding).
Optimizing module spi_clgen.
Optimizing module spi_shift.
Optimizing module spi_top.

5.14.2. Executing OPT_MERGE pass (detect identical cells).
Finding identical cells in module `\spi_clgen'.
Finding identical cells in module `\spi_shift'.
Finding identical cells in module `\spi_top'.
Removed a total of 0 cells.

5.14.3. Executing OPT_MUXTREE pass (detect dead branches in mux trees).
Running muxtree optimizer on module \spi_clgen..
  Creating internal representation of mux trees.
  Evaluating internal representation of mux trees.
  Analyzing evaluation results.
Running muxtree optimizer on module \spi_shift..
  Creating internal representation of mux trees.
  Evaluating internal representation of mux trees.
  Analyzing evaluation results.
Running muxtree optimizer on module \spi_top..
  Creating internal representation of mux trees.
  Evaluating internal representation of mux trees.
  Analyzing evaluation results.
Removed 0 multiplexer ports.
<suppressed ~35 debug messages>

5.14.4. Executing OPT_REDUCE pass (consolidate $*mux and $reduce_* inputs).
  Optimizing cells in module \spi_clgen.
  Optimizing cells in module \spi_shift.
  Optimizing cells in module \spi_top.
Performed a total of 0 changes.

5.14.5. Executing OPT_MERGE pass (detect identical cells).
Finding identical cells in module `\spi_clgen'.
Finding identical cells in module `\spi_shift'.
Finding identical cells in module `\spi_top'.
Removed a total of 0 cells.

5.14.6. Executing OPT_DFF pass (perform DFF optimizations).

5.14.7. Executing OPT_CLEAN pass (remove unused cells and wires).
Finding unused cells or wires in module \spi_clgen..
Finding unused cells or wires in module \spi_shift..
Finding unused cells or wires in module \spi_top..

5.14.8. Executing OPT_EXPR pass (perform const folding).
Optimizing module spi_clgen.
Optimizing module spi_shift.
Optimizing module spi_top.

5.14.9. Finished OPT passes. (There is nothing left to do.)

5.15. Executing MEMORY pass.

5.15.1. Executing OPT_MEM pass (optimize memories).
Performed a total of 0 transformations.

5.15.2. Executing OPT_MEM_PRIORITY pass (removing unnecessary memory write priority relations).
Performed a total of 0 transformations.

5.15.3. Executing OPT_MEM_FEEDBACK pass (finding memory read-to-write feedback paths).

5.15.4. Executing MEMORY_BMUX2ROM pass (converting muxes to ROMs).

5.15.5. Executing MEMORY_DFF pass (merging $dff cells to $memrd).

5.15.6. Executing OPT_CLEAN pass (remove unused cells and wires).
Finding unused cells or wires in module \spi_clgen..
Finding unused cells or wires in module \spi_shift..
Finding unused cells or wires in module \spi_top..

5.15.7. Executing MEMORY_SHARE pass (consolidating $memrd/$memwr cells).

5.15.8. Executing OPT_MEM_WIDEN pass (optimize memories where all ports are wide).
Performed a total of 0 transformations.

5.15.9. Executing OPT_CLEAN pass (remove unused cells and wires).
Finding unused cells or wires in module \spi_clgen..
Finding unused cells or wires in module \spi_shift..
Finding unused cells or wires in module \spi_top..

5.15.10. Executing MEMORY_COLLECT pass (generating $mem cells).

5.16. Executing OPT_CLEAN pass (remove unused cells and wires).
Finding unused cells or wires in module \spi_clgen..
Finding unused cells or wires in module \spi_shift..
Finding unused cells or wires in module \spi_top..

5.17. Executing OPT pass (performing simple optimizations).

5.17.1. Executing OPT_EXPR pass (perform const folding).
Optimizing module spi_clgen.
Optimizing module spi_shift.
<suppressed ~11 debug messages>
Optimizing module spi_top.
<suppressed ~6 debug messages>

5.17.2. Executing OPT_MERGE pass (detect identical cells).
Finding identical cells in module `\spi_clgen'.
Finding identical cells in module `\spi_shift'.
Finding identical cells in module `\spi_top'.
Removed a total of 0 cells.

5.17.3. Executing OPT_DFF pass (perform DFF optimizations).

5.17.4. Executing OPT_CLEAN pass (remove unused cells and wires).
Finding unused cells or wires in module \spi_clgen..
Finding unused cells or wires in module \spi_shift..
Finding unused cells or wires in module \spi_top..
Removed 0 unused cells and 11 unused wires.
<suppressed ~2 debug messages>

5.17.5. Finished fast OPT passes.

5.18. Executing MEMORY_MAP pass (converting memories to logic and flip-flops).

5.19. Executing OPT pass (performing simple optimizations).

5.19.1. Executing OPT_EXPR pass (perform const folding).
Optimizing module spi_clgen.
Optimizing module spi_shift.
Optimizing module spi_top.
<suppressed ~1 debug messages>

5.19.2. Executing OPT_MERGE pass (detect identical cells).
Finding identical cells in module `\spi_clgen'.
Finding identical cells in module `\spi_shift'.
Finding identical cells in module `\spi_top'.
Removed a total of 0 cells.

5.19.3. Executing OPT_MUXTREE pass (detect dead branches in mux trees).
Running muxtree optimizer on module \spi_clgen..
  Creating internal representation of mux trees.
  Evaluating internal representation of mux trees.
  Analyzing evaluation results.
Running muxtree optimizer on module \spi_shift..
  Creating internal representation of mux trees.
  Evaluating internal representation of mux trees.
  Analyzing evaluation results.
Running muxtree optimizer on module \spi_top..
  Creating internal representation of mux trees.
  Evaluating internal representation of mux trees.
  Analyzing evaluation results.
Removed 0 multiplexer ports.
<suppressed ~25 debug messages>

5.19.4. Executing OPT_REDUCE pass (consolidate $*mux and $reduce_* inputs).
  Optimizing cells in module \spi_clgen.
  Optimizing cells in module \spi_shift.
  Optimizing cells in module \spi_top.
Performed a total of 0 changes.

5.19.5. Executing OPT_MERGE pass (detect identical cells).
Finding identical cells in module `\spi_clgen'.
Finding identical cells in module `\spi_shift'.
Finding identical cells in module `\spi_top'.
Removed a total of 0 cells.

5.19.6. Executing OPT_SHARE pass.

5.19.7. Executing OPT_DFF pass (perform DFF optimizations).

5.19.8. Executing OPT_CLEAN pass (remove unused cells and wires).
Finding unused cells or wires in module \spi_clgen..
Finding unused cells or wires in module \spi_shift..
Finding unused cells or wires in module \spi_top..

5.19.9. Executing OPT_EXPR pass (perform const folding).
Optimizing module spi_clgen.
Optimizing module spi_shift.
Optimizing module spi_top.

5.19.10. Finished OPT passes. (There is nothing left to do.)

5.20. Executing TECHMAP pass (map to technology primitives).

5.20.1. Executing Verilog-2005 frontend: /usr/bin/../share/yosys/techmap.v
Parsing Verilog input from `/usr/bin/../share/yosys/techmap.v' to AST representation.
Generating RTLIL representation for module `\_90_simplemap_bool_ops'.
Generating RTLIL representation for module `\_90_simplemap_reduce_ops'.
Generating RTLIL representation for module `\_90_simplemap_logic_ops'.
Generating RTLIL representation for module `\_90_simplemap_compare_ops'.
Generating RTLIL representation for module `\_90_simplemap_various'.
Generating RTLIL representation for module `\_90_simplemap_registers'.
Generating RTLIL representation for module `\_90_shift_ops_shr_shl_sshl_sshr'.
Generating RTLIL representation for module `\_90_shift_shiftx'.
Generating RTLIL representation for module `\_90_fa'.
Generating RTLIL representation for module `\_90_lcu'.
Generating RTLIL representation for module `\_90_alu'.
Generating RTLIL representation for module `\_90_macc'.
Generating RTLIL representation for module `\_90_alumacc'.
Generating RTLIL representation for module `\$__div_mod_u'.
Generating RTLIL representation for module `\$__div_mod_trunc'.
Generating RTLIL representation for module `\_90_div'.
Generating RTLIL representation for module `\_90_mod'.
Generating RTLIL representation for module `\$__div_mod_floor'.
Generating RTLIL representation for module `\_90_divfloor'.
Generating RTLIL representation for module `\_90_modfloor'.
Generating RTLIL representation for module `\_90_pow'.
Generating RTLIL representation for module `\_90_pmux'.
Generating RTLIL representation for module `\_90_demux'.
Generating RTLIL representation for module `\_90_lut'.
Successfully finished Verilog frontend.

5.20.2. Continuing TECHMAP pass.
Using extmapper simplemap for cells of type $and.
Using extmapper simplemap for cells of type $eq.
Using extmapper simplemap for cells of type $adffe.
Using extmapper simplemap for cells of type $reduce_and.
Using extmapper simplemap for cells of type $logic_not.
Using extmapper simplemap for cells of type $not.
Using extmapper simplemap for cells of type $logic_and.
Using extmapper simplemap for cells of type $or.
Using extmapper simplemap for cells of type $ne.
Using extmapper simplemap for cells of type $reduce_bool.
Using template $paramod$c96def1cdcef2eee3c62e5dfb7ba2dd09c9f74dd\_90_pmux for cells of type $pmux.
Using extmapper simplemap for cells of type $adff.
Using extmapper simplemap for cells of type $reduce_or.
Using extmapper simplemap for cells of type $mux.
Using template $paramod$403a3c2fa431a154c52a6a5429d7a6260b5d144f\_90_alu for cells of type $alu.
Using template $paramod$dbcdc7e8aa1a4080cea2deda6fdc8772064f4d90\_90_alu for cells of type $alu.
Using template $paramod$2367de27bb2b1d2c6cb39f0298c46e69f86b744b\_90_alu for cells of type $alu.
Using extmapper simplemap for cells of type $logic_or.
Using template $paramod$constmap:b6cee2adf0bc7bde657afc569a13a8c98a9e3ead$paramod$8224d043d49532f03ab660a9e2238b135d1af61e\_90_shift_shiftx for cells of type $shiftx.
Using template $paramod$constmap:a9dc5027c4ae08c8c308181005e1d842f3bb08f2$paramod$633c2514e339eb05d4292deee9197d829fa77ffc\_90_shift_shiftx for cells of type $shift.
Analyzing pattern of constant bits for this cell:
Creating constmapped module `$paramod$constmap:aee6de161745c3e98ad8107c2d1f497f895f0ac4$paramod$633c2514e339eb05d4292deee9197d829fa77ffc\_90_shift_shiftx'.

5.20.21. Executing OPT_MUXTREE pass (detect dead branches in mux trees).
Running muxtree optimizer on module $paramod$constmap:aee6de161745c3e98ad8107c2d1f497f895f0ac4$paramod$633c2514e339eb05d4292deee9197d829fa77ffc\_90_shift_shiftx..
  Creating internal representation of mux trees.
  Evaluating internal representation of mux trees.
  Analyzing evaluation results.
    dead port 2/2 on $mux $procmux$2165.
    dead port 2/2 on $mux $procmux$2159.
    dead port 2/2 on $mux $procmux$2153.
    dead port 2/2 on $mux $procmux$2147.
    dead port 2/2 on $mux $procmux$2141.
    dead port 2/2 on $mux $procmux$2135.
    dead port 2/2 on $mux $procmux$2129.
    dead port 2/2 on $mux $procmux$2123.
Removed 8 multiplexer ports.
<suppressed ~699 debug messages>

5.20.22. Executing OPT_EXPR pass (perform const folding).
Optimizing module $paramod$constmap:aee6de161745c3e98ad8107c2d1f497f895f0ac4$paramod$633c2514e339eb05d4292deee9197d829fa77ffc\_90_shift_shiftx.
<suppressed ~25 debug messages>
Removed 0 unused cells and 13 unused wires.
Using template $paramod$constmap:aee6de161745c3e98ad8107c2d1f497f895f0ac4$paramod$633c2514e339eb05d4292deee9197d829fa77ffc\_90_shift_shiftx for cells of type $shift.
Using template $paramod$103b4016182df467cceab67bcf3e18e6361ec0fd\_90_alu for cells of type $alu.
Using extmapper simplemap for cells of type $xor.
Using template $paramod\_90_lcu\WIDTH=32'00000000000000000000000000001000 for cells of type $lcu.
Using extmapper simplemap for cells of type $pos.
Using template $paramod\_90_lcu\WIDTH=32'00000000000000000000000000000111 for cells of type $lcu.
Using template $paramod\_90_lcu\WIDTH=32'00000000000000000000000000100000 for cells of type $lcu.
Using template $paramod$a1665ef28c749ebcdbe9aecd466e644647b56463\_90_alu for cells of type $alu.
Using template $paramod\_90_lcu\WIDTH=32'00000000000000000000000000010000 for cells of type $lcu.
No more expansions possible.
<suppressed ~1095 debug messages>

5.21. Executing OPT pass (performing simple optimizations).

5.21.1. Executing OPT_EXPR pass (perform const folding).
Optimizing module spi_clgen.
<suppressed ~84 debug messages>
Optimizing module spi_shift.
<suppressed ~7578 debug messages>
Optimizing module spi_top.
<suppressed ~88 debug messages>

5.21.2. Executing OPT_MERGE pass (detect identical cells).
Finding identical cells in module `\spi_clgen'.
<suppressed ~39 debug messages>
Finding identical cells in module `\spi_shift'.
<suppressed ~417 debug messages>
Finding identical cells in module `\spi_top'.
<suppressed ~27 debug messages>
Removed a total of 161 cells.

5.21.3. Executing OPT_DFF pass (perform DFF optimizations).

5.21.4. Executing OPT_CLEAN pass (remove unused cells and wires).
Finding unused cells or wires in module \spi_clgen..
Finding unused cells or wires in module \spi_shift..
Finding unused cells or wires in module \spi_top..
Removed 1825 unused cells and 720 unused wires.
<suppressed ~1828 debug messages>

5.21.5. Finished fast OPT passes.

5.22. Executing ABC pass (technology mapping using ABC).

5.22.1. Extracting gate netlist of module `\spi_clgen' to `<abc-temp-dir>/input.blif'..
Extracted 155 gates and 191 wires to a netlist network with 36 inputs and 20 outputs.

5.22.1.1. Executing ABC.
Running ABC command: "<yosys-exe-dir>/yosys-abc" -s -f <abc-temp-dir>/abc.script 2>&1
ABC: ABC command line: "source <abc-temp-dir>/abc.script".
ABC: 
ABC: + read_blif <abc-temp-dir>/input.blif 
ABC: + read_library <abc-temp-dir>/stdcells.genlib 
ABC: Entered genlib library with 13 gates from file "<abc-temp-dir>/stdcells.genlib".
ABC: + strash 
ABC: + dretime 
ABC: + map 
ABC: + write_blif <abc-temp-dir>/output.blif 

5.22.1.2. Re-integrating ABC results.
ABC RESULTS:               AND cells:        3
ABC RESULTS:              NAND cells:        4
ABC RESULTS:                OR cells:       19
ABC RESULTS:              XNOR cells:        1
ABC RESULTS:               NOT cells:        7
ABC RESULTS:               NOR cells:       16
ABC RESULTS:             ORNOT cells:        6
ABC RESULTS:            ANDNOT cells:       32
ABC RESULTS:               XOR cells:       14
ABC RESULTS:               MUX cells:       16
ABC RESULTS:        internal signals:      135
ABC RESULTS:           input signals:       36
ABC RESULTS:          output signals:       20
Removing temp directory.

5.22.2. Extracting gate netlist of module `\spi_shift' to `<abc-temp-dir>/input.blif'..
Extracted 1863 gates and 2056 wires to a netlist network with 192 inputs and 158 outputs.

5.22.2.1. Executing ABC.
Running ABC command: "<yosys-exe-dir>/yosys-abc" -s -f <abc-temp-dir>/abc.script 2>&1
ABC: ABC command line: "source <abc-temp-dir>/abc.script".
ABC: 
ABC: + read_blif <abc-temp-dir>/input.blif 
ABC: + read_library <abc-temp-dir>/stdcells.genlib 
ABC: Entered genlib library with 13 gates from file "<abc-temp-dir>/stdcells.genlib".
ABC: + strash 
ABC: + dretime 
ABC: + map 
ABC: + write_blif <abc-temp-dir>/output.blif 

5.22.2.2. Re-integrating ABC results.
ABC RESULTS:              NAND cells:       12
ABC RESULTS:               AND cells:        8
ABC RESULTS:               NOT cells:      159
ABC RESULTS:              XNOR cells:       10
ABC RESULTS:             ORNOT cells:       34
ABC RESULTS:                OR cells:      643
ABC RESULTS:               NOR cells:       20
ABC RESULTS:            ANDNOT cells:      482
ABC RESULTS:               XOR cells:       37
ABC RESULTS:               MUX cells:      420
ABC RESULTS:        internal signals:     1706
ABC RESULTS:           input signals:      192
ABC RESULTS:          output signals:      158
Removing temp directory.

5.22.3. Extracting gate netlist of module `\spi_top' to `<abc-temp-dir>/input.blif'..
Extracted 512 gates and 717 wires to a netlist network with 205 inputs and 81 outputs.

5.22.3.1. Executing ABC.
Running ABC command: "<yosys-exe-dir>/yosys-abc" -s -f <abc-temp-dir>/abc.script 2>&1
ABC: ABC command line: "source <abc-temp-dir>/abc.script".
ABC: 
ABC: + read_blif <abc-temp-dir>/input.blif 
ABC: + read_library <abc-temp-dir>/stdcells.genlib 
ABC: Entered genlib library with 13 gates from file "<abc-temp-dir>/stdcells.genlib".
ABC: + strash 
ABC: + dretime 
ABC: + map 
ABC: + write_blif <abc-temp-dir>/output.blif 

5.22.3.2. Re-integrating ABC results.
ABC RESULTS:               NOT cells:        2
ABC RESULTS:               AND cells:        2
ABC RESULTS:               MUX cells:       33
ABC RESULTS:              NAND cells:        7
ABC RESULTS:             ORNOT cells:       34
ABC RESULTS:               NOR cells:        1
ABC RESULTS:                OR cells:      148
ABC RESULTS:            ANDNOT cells:      239
ABC RESULTS:        internal signals:      431
ABC RESULTS:           input signals:      205
ABC RESULTS:          output signals:       81
Removing temp directory.

5.23. Executing OPT pass (performing simple optimizations).

5.23.1. Executing OPT_EXPR pass (perform const folding).
Optimizing module spi_clgen.
<suppressed ~10 debug messages>
Optimizing module spi_shift.
<suppressed ~21 debug messages>
Optimizing module spi_top.

5.23.2. Executing OPT_MERGE pass (detect identical cells).
Finding identical cells in module `\spi_clgen'.
<suppressed ~21 debug messages>
Finding identical cells in module `\spi_shift'.
<suppressed ~9 debug messages>
Finding identical cells in module `\spi_top'.
Removed a total of 10 cells.

5.23.3. Executing OPT_DFF pass (perform DFF optimizations).

5.23.4. Executing OPT_CLEAN pass (remove unused cells and wires).
Finding unused cells or wires in module \spi_clgen..
Finding unused cells or wires in module \spi_shift..
Finding unused cells or wires in module \spi_top..
Removed 3 unused cells and 1069 unused wires.
<suppressed ~15 debug messages>

5.23.5. Finished fast OPT passes.

5.24. Executing HIERARCHY pass (managing design hierarchy).

5.24.1. Analyzing design hierarchy..
Top module:  \spi_top
Used module:     \spi_clgen
Used module:     \spi_shift

5.24.2. Analyzing design hierarchy..
Top module:  \spi_top
Used module:     \spi_clgen
Used module:     \spi_shift
Removed 0 unused modules.

5.25. Printing statistics.

=== spi_clgen ===

   Number of wires:                105
   Number of wire bits:            150
   Number of public wires:          10
   Number of public wire bits:      40
   Number of memories:               0
   Number of memory bits:            0
   Number of processes:              0
   Number of cells:                129
     $_ANDNOT_                      32
     $_AND_                          3
     $_DFFE_PP0P_                    1
     $_DFF_PP0_                      2
     $_DFF_PP1_                     16
     $_MUX_                         16
     $_NAND_                         4
     $_NOR_                          9
     $_NOT_                          6
     $_ORNOT_                        6
     $_OR_                          19
     $_XNOR_                         1
     $_XOR_                         14

=== spi_shift ===

   Number of wires:               1708
   Number of wire bits:           2335
   Number of public wires:          21
   Number of public wire bits:     325
   Number of memories:               0
   Number of memory bits:            0
   Number of processes:              0
   Number of cells:               1958
     $_ANDNOT_                     482
     $_AND_                          8
     $_DFFE_PP0P_                  138
     $_MUX_                        420
     $_NAND_                        12
     $_NOR_                         17
     $_NOT_                        157
     $_ORNOT_                       34
     $_OR_                         643
     $_XNOR_                        10
     $_XOR_                         37

=== spi_top ===

   Number of wires:                434
   Number of wire bits:            765
   Number of public wires:          32
   Number of public wire bits:     355
   Number of memories:               0
   Number of memory bits:            0
   Number of processes:              0
   Number of cells:                564
     $_ANDNOT_                     239
     $_AND_                          2
     $_DFFE_PP0P_                   63
     $_DFF_PP0_                     33
     $_MUX_                         33
     $_NAND_                         7
     $_NOR_                          1
     $_NOT_                          2
     $_ORNOT_                       34
     $_OR_                         148
     spi_clgen                       1
     spi_shift                       1

=== design hierarchy ===

   spi_top                           1
     spi_clgen                       1
     spi_shift                       1

   Number of wires:               2247
   Number of wire bits:           3250
   Number of public wires:          63
   Number of public wire bits:     720
   Number of memories:               0
   Number of memory bits:            0
   Number of processes:              0
   Number of cells:               2649
     $_ANDNOT_                     753
     $_AND_                         13
     $_DFFE_PP0P_                  202
     $_DFF_PP0_                     35
     $_DFF_PP1_                     16
     $_MUX_                        469
     $_NAND_                        23
     $_NOR_                         27
     $_NOT_                        165
     $_ORNOT_                       74
     $_OR_                         810
     $_XNOR_                        11
     $_XOR_                         51

5.26. Executing CHECK pass (checking for obvious problems).
Checking module spi_clgen...
Checking module spi_shift...
Checking module spi_top...
Found and reported 0 problems.

6. Executing DFFLIBMAP pass (mapping DFF cells to sequential cells from liberty file).
  cell DFFNEGX1 (noninv, pins=3, area=96.00) is a direct match for cell type $_DFF_N_.
  cell DFFPOSX1 (noninv, pins=3, area=96.00) is a direct match for cell type $_DFF_P_.
  cell DFFSR (noninv, pins=5, area=176.00) is a direct match for cell type $_DFFSR_PNN_.
  final dff cell mappings:
    \DFFNEGX1 _DFF_N_ (.CLK( C), .D( D), .Q( Q));
    \DFFPOSX1 _DFF_P_ (.CLK( C), .D( D), .Q( Q));
    unmapped dff cell: $_DFF_NN0_
    unmapped dff cell: $_DFF_NN1_
    unmapped dff cell: $_DFF_NP0_
    unmapped dff cell: $_DFF_NP1_
    unmapped dff cell: $_DFF_PN0_
    unmapped dff cell: $_DFF_PN1_
    unmapped dff cell: $_DFF_PP0_
    unmapped dff cell: $_DFF_PP1_
    unmapped dff cell: $_DFFSR_NNN_
    unmapped dff cell: $_DFFSR_NNP_
    unmapped dff cell: $_DFFSR_NPN_
    unmapped dff cell: $_DFFSR_NPP_
    \DFFSR _DFFSR_PNN_ (.CLK( C), .D( D), .Q( Q), .R( R), .S( S));
    unmapped dff cell: $_DFFSR_PNP_
    unmapped dff cell: $_DFFSR_PPN_
    unmapped dff cell: $_DFFSR_PPP_

6.1. Executing DFFLEGALIZE pass (convert FFs to types supported by the target).
Mapping DFF cells in module `\spi_clgen':
  mapped 19 $_DFFSR_PNN_ cells to \DFFSR cells.
Mapping DFF cells in module `\spi_shift':
  mapped 138 $_DFFSR_PNN_ cells to \DFFSR cells.
Mapping DFF cells in module `\spi_top':
  mapped 96 $_DFFSR_PNN_ cells to \DFFSR cells.

7. Executing OPT pass (performing simple optimizations).

7.1. Executing OPT_EXPR pass (perform const folding).
Optimizing module spi_clgen.
Optimizing module spi_shift.
Optimizing module spi_top.

7.2. Executing OPT_MERGE pass (detect identical cells).
Finding identical cells in module `\spi_clgen'.
<suppressed ~54 debug messages>
Finding identical cells in module `\spi_shift'.
<suppressed ~411 debug messages>
Finding identical cells in module `\spi_top'.
<suppressed ~285 debug messages>
Removed a total of 250 cells.

7.3. Executing OPT_MUXTREE pass (detect dead branches in mux trees).
Running muxtree optimizer on module \spi_clgen..
  Creating internal representation of mux trees.
  No muxes found in this module.
Running muxtree optimizer on module \spi_shift..
  Creating internal representation of mux trees.
  No muxes found in this module.
Running muxtree optimizer on module \spi_top..
  Creating internal representation of mux trees.
  No muxes found in this module.
Removed 0 multiplexer ports.

7.4. Executing OPT_REDUCE pass (consolidate $*mux and $reduce_* inputs).
  Optimizing cells in module \spi_clgen.
  Optimizing cells in module \spi_shift.
  Optimizing cells in module \spi_top.
Performed a total of 0 changes.

7.5. Executing OPT_MERGE pass (detect identical cells).
Finding identical cells in module `\spi_clgen'.
Finding identical cells in module `\spi_shift'.
Finding identical cells in module `\spi_top'.
Removed a total of 0 cells.

7.6. Executing OPT_DFF pass (perform DFF optimizations).

7.7. Executing OPT_CLEAN pass (remove unused cells and wires).
Finding unused cells or wires in module \spi_clgen..
Finding unused cells or wires in module \spi_shift..
Finding unused cells or wires in module \spi_top..
Removed 0 unused cells and 250 unused wires.
<suppressed ~3 debug messages>

7.8. Executing OPT_EXPR pass (perform const folding).
Optimizing module spi_clgen.
Optimizing module spi_shift.
Optimizing module spi_top.

7.9. Rerunning OPT passes. (Maybe there is more to do..)

7.10. Executing OPT_MUXTREE pass (detect dead branches in mux trees).
Running muxtree optimizer on module \spi_clgen..
  Creating internal representation of mux trees.
  No muxes found in this module.
Running muxtree optimizer on module \spi_shift..
  Creating internal representation of mux trees.
  No muxes found in this module.
Running muxtree optimizer on module \spi_top..
  Creating internal representation of mux trees.
  No muxes found in this module.
Removed 0 multiplexer ports.

7.11. Executing OPT_REDUCE pass (consolidate $*mux and $reduce_* inputs).
  Optimizing cells in module \spi_clgen.
  Optimizing cells in module \spi_shift.
  Optimizing cells in module \spi_top.
Performed a total of 0 changes.

7.12. Executing OPT_MERGE pass (detect identical cells).
Finding identical cells in module `\spi_clgen'.
Finding identical cells in module `\spi_shift'.
Finding identical cells in module `\spi_top'.
Removed a total of 0 cells.

7.13. Executing OPT_DFF pass (perform DFF optimizations).

7.14. Executing OPT_CLEAN pass (remove unused cells and wires).
Finding unused cells or wires in module \spi_clgen..
Finding unused cells or wires in module \spi_shift..
Finding unused cells or wires in module \spi_top..

7.15. Executing OPT_EXPR pass (perform const folding).
Optimizing module spi_clgen.
Optimizing module spi_shift.
Optimizing module spi_top.

7.16. Finished OPT passes. (There is nothing left to do.)

8. Executing ABC pass (technology mapping using ABC).

8.1. Extracting gate netlist of module `\spi_clgen' to `<abc-temp-dir>/input.blif'..
Extracted 112 gates and 149 wires to a netlist network with 37 inputs and 20 outputs.

8.1.1. Executing ABC.
Running ABC command: "/usr/local/share/qflow/bin/yosys-abc" -s -f <abc-temp-dir>/abc.script 2>&1
ABC: ABC command line: "source <abc-temp-dir>/abc.script".
ABC: 
ABC: + read_blif <abc-temp-dir>/input.blif 
ABC: + read_lib -w /usr/local/share/qflow/tech/osu018/osu018_stdcells.lib 
ABC: Parsing finished successfully.  Parsing time =     0.00 sec
ABC: Scl_LibertyReadGenlib() skipped sequential cell "DFFNEGX1".
ABC: Scl_LibertyReadGenlib() skipped sequential cell "DFFPOSX1".
ABC: Scl_LibertyReadGenlib() skipped sequential cell "DFFSR".
ABC: Scl_LibertyReadGenlib() skipped sequential cell "LATCH".
ABC: Scl_LibertyReadGenlib() skipped three-state cell "TBUFX1".
ABC: Scl_LibertyReadGenlib() skipped three-state cell "TBUFX2".
ABC: Library "osu018_stdcells" from "/usr/local/share/qflow/tech/osu018/osu018_stdcells.lib" has 26 cells (6 skipped: 4 seq; 2 tri-state; 0 no func; 0 dont_use).  Time =     0.01 sec
ABC: Memory =    0.48 MB. Time =     0.01 sec
ABC: Warning: Detected 2 multi-output gates (for example, "FAX1").
ABC: + strash 
ABC: + scorr 
ABC: Warning: The network is combinational (run "fraig" or "fraig_sweep").
ABC: + ifraig 
ABC: + retime 
ABC: + strash 
ABC: + dch -f 
ABC: + map -M 1 
ABC: + write_blif <abc-temp-dir>/output.blif 

8.1.2. Re-integrating ABC results.
ABC RESULTS:            XOR2X1 cells:        1
ABC RESULTS:           NAND2X1 cells:       13
ABC RESULTS:            AND2X2 cells:        5
ABC RESULTS:            NOR3X1 cells:        3
ABC RESULTS:           AOI22X1 cells:        1
ABC RESULTS:           NAND3X1 cells:       11
ABC RESULTS:            NOR2X1 cells:       28
ABC RESULTS:           AOI21X1 cells:        6
ABC RESULTS:             INVX1 cells:       29
ABC RESULTS:             OR2X2 cells:        2
ABC RESULTS:           OAI21X1 cells:       28
ABC RESULTS:        internal signals:       92
ABC RESULTS:           input signals:       37
ABC RESULTS:          output signals:       20
Removing temp directory.

8.2. Extracting gate netlist of module `\spi_shift' to `<abc-temp-dir>/input.blif'..
Extracted 1959 gates and 2153 wires to a netlist network with 194 inputs and 140 outputs.

8.2.1. Executing ABC.
Running ABC command: "/usr/local/share/qflow/bin/yosys-abc" -s -f <abc-temp-dir>/abc.script 2>&1
ABC: ABC command line: "source <abc-temp-dir>/abc.script".
ABC: 
ABC: + read_blif <abc-temp-dir>/input.blif 
ABC: + read_lib -w /usr/local/share/qflow/tech/osu018/osu018_stdcells.lib 
ABC: Parsing finished successfully.  Parsing time =     0.00 sec
ABC: Scl_LibertyReadGenlib() skipped sequential cell "DFFNEGX1".
ABC: Scl_LibertyReadGenlib() skipped sequential cell "DFFPOSX1".
ABC: Scl_LibertyReadGenlib() skipped sequential cell "DFFSR".
ABC: Scl_LibertyReadGenlib() skipped sequential cell "LATCH".
ABC: Scl_LibertyReadGenlib() skipped three-state cell "TBUFX1".
ABC: Scl_LibertyReadGenlib() skipped three-state cell "TBUFX2".
ABC: Library "osu018_stdcells" from "/usr/local/share/qflow/tech/osu018/osu018_stdcells.lib" has 26 cells (6 skipped: 4 seq; 2 tri-state; 0 no func; 0 dont_use).  Time =     0.01 sec
ABC: Memory =    0.48 MB. Time =     0.01 sec
ABC: Warning: Detected 2 multi-output gates (for example, "FAX1").
ABC: + strash 
ABC: + scorr 
ABC: Warning: The network is combinational (run "fraig" or "fraig_sweep").
ABC: + ifraig 
ABC: + retime 
ABC: + strash 
ABC: + dch -f 
ABC: + map -M 1 
ABC: + write_blif <abc-temp-dir>/output.blif 

8.2.2. Re-integrating ABC results.
ABC RESULTS:           OAI22X1 cells:       16
ABC RESULTS:            AND2X2 cells:        7
ABC RESULTS:             OR2X2 cells:        8
ABC RESULTS:            NOR3X1 cells:       18
ABC RESULTS:           NAND3X1 cells:       86
ABC RESULTS:           AOI22X1 cells:       11
ABC RESULTS:            NOR2X1 cells:      206
ABC RESULTS:           XNOR2X1 cells:       14
ABC RESULTS:            XOR2X1 cells:        7
ABC RESULTS:           NAND2X1 cells:      370
ABC RESULTS:           AOI21X1 cells:      239
ABC RESULTS:            MUX2X1 cells:       32
ABC RESULTS:             INVX1 cells:      148
ABC RESULTS:           OAI21X1 cells:      686
ABC RESULTS:        internal signals:     1819
ABC RESULTS:           input signals:      194
ABC RESULTS:          output signals:      140
Removing temp directory.

8.3. Extracting gate netlist of module `\spi_top' to `<abc-temp-dir>/input.blif'..
Extracted 530 gates and 768 wires to a netlist network with 238 inputs and 133 outputs.

8.3.1. Executing ABC.
Running ABC command: "/usr/local/share/qflow/bin/yosys-abc" -s -f <abc-temp-dir>/abc.script 2>&1
ABC: ABC command line: "source <abc-temp-dir>/abc.script".
ABC: 
ABC: + read_blif <abc-temp-dir>/input.blif 
ABC: + read_lib -w /usr/local/share/qflow/tech/osu018/osu018_stdcells.lib 
ABC: Parsing finished successfully.  Parsing time =     0.00 sec
ABC: Scl_LibertyReadGenlib() skipped sequential cell "DFFNEGX1".
ABC: Scl_LibertyReadGenlib() skipped sequential cell "DFFPOSX1".
ABC: Scl_LibertyReadGenlib() skipped sequential cell "DFFSR".
ABC: Scl_LibertyReadGenlib() skipped sequential cell "LATCH".
ABC: Scl_LibertyReadGenlib() skipped three-state cell "TBUFX1".
ABC: Scl_LibertyReadGenlib() skipped three-state cell "TBUFX2".
ABC: Library "osu018_stdcells" from "/usr/local/share/qflow/tech/osu018/osu018_stdcells.lib" has 26 cells (6 skipped: 4 seq; 2 tri-state; 0 no func; 0 dont_use).  Time =     0.01 sec
ABC: Memory =    0.48 MB. Time =     0.01 sec
ABC: Warning: Detected 2 multi-output gates (for example, "FAX1").
ABC: + strash 
ABC: + scorr 
ABC: Warning: The network is combinational (run "fraig" or "fraig_sweep").
ABC: + ifraig 
ABC: + retime 
ABC: + strash 
ABC: + dch -f 
ABC: + map -M 1 
ABC: + write_blif <abc-temp-dir>/output.blif 

8.3.2. Re-integrating ABC results.
ABC RESULTS:           OAI22X1 cells:       16
ABC RESULTS:           AOI22X1 cells:       62
ABC RESULTS:             OR2X2 cells:        1
ABC RESULTS:            AND2X2 cells:        2
ABC RESULTS:            NOR2X1 cells:        7
ABC RESULTS:           AOI21X1 cells:       17
ABC RESULTS:            NOR3X1 cells:        2
ABC RESULTS:             INVX1 cells:      109
ABC RESULTS:            MUX2X1 cells:       32
ABC RESULTS:           NAND3X1 cells:       46
ABC RESULTS:           NAND2X1 cells:       54
ABC RESULTS:           OAI21X1 cells:       64
ABC RESULTS:        internal signals:      397
ABC RESULTS:           input signals:      238
ABC RESULTS:          output signals:      133
Removing temp directory.

9. Executing FLATTEN pass (flatten design).
Deleting now unused module spi_clgen.
Deleting now unused module spi_shift.
<suppressed ~2 debug messages>

10. Executing SETUNDEF pass (replace undef values with defined constants).
Removed 0 unused cells and 2970 unused wires.

11. Executing IOPADMAP pass (mapping inputs/outputs to IO-PAD cells).
Don't map input port spi_top.miso_pad_i: Missing option -inpad.
Mapping port spi_top.mosi_pad_o using BUFX2.
Mapping port spi_top.sclk_pad_o using BUFX2.
Mapping port spi_top.ss_pad_o using BUFX2.
Mapping port spi_top.wb_ack_o using BUFX2.
Don't map input port spi_top.wb_adr_i: Missing option -inpad.
Don't map input port spi_top.wb_clk_i: Missing option -inpad.
Don't map input port spi_top.wb_cyc_i: Missing option -inpad.
Don't map input port spi_top.wb_dat_i: Missing option -inpad.
Mapping port spi_top.wb_dat_o using BUFX2.
Mapping port spi_top.wb_err_o using BUFX2.
Mapping port spi_top.wb_int_o using BUFX2.
Don't map input port spi_top.wb_rst_i: Missing option -inpad.
Don't map input port spi_top.wb_sel_i: Missing option -inpad.
Don't map input port spi_top.wb_stb_i: Missing option -inpad.
Don't map input port spi_top.wb_we_i: Missing option -inpad.

12. Executing OPT pass (performing simple optimizations).

12.1. Executing OPT_EXPR pass (perform const folding).
Optimizing module spi_top.

12.2. Executing OPT_MERGE pass (detect identical cells).
Finding identical cells in module `\spi_top'.
Removed a total of 0 cells.

12.3. Executing OPT_MUXTREE pass (detect dead branches in mux trees).
Running muxtree optimizer on module \spi_top..
  Creating internal representation of mux trees.
  No muxes found in this module.
Removed 0 multiplexer ports.

12.4. Executing OPT_REDUCE pass (consolidate $*mux and $reduce_* inputs).
  Optimizing cells in module \spi_top.
Performed a total of 0 changes.

12.5. Executing OPT_MERGE pass (detect identical cells).
Finding identical cells in module `\spi_top'.
Removed a total of 0 cells.

12.6. Executing OPT_DFF pass (perform DFF optimizations).

12.7. Executing OPT_CLEAN pass (remove unused cells and wires).
Finding unused cells or wires in module \spi_top..
Removed 0 unused cells and 1 unused wires.
<suppressed ~1 debug messages>

12.8. Executing OPT_EXPR pass (perform const folding).
Optimizing module spi_top.

12.9. Rerunning OPT passes. (Maybe there is more to do..)

12.10. Executing OPT_MUXTREE pass (detect dead branches in mux trees).
Running muxtree optimizer on module \spi_top..
  Creating internal representation of mux trees.
  No muxes found in this module.
Removed 0 multiplexer ports.

12.11. Executing OPT_REDUCE pass (consolidate $*mux and $reduce_* inputs).
  Optimizing cells in module \spi_top.
Performed a total of 0 changes.

12.12. Executing OPT_MERGE pass (detect identical cells).
Finding identical cells in module `\spi_top'.
Removed a total of 0 cells.

12.13. Executing OPT_DFF pass (perform DFF optimizations).

12.14. Executing OPT_CLEAN pass (remove unused cells and wires).
Finding unused cells or wires in module \spi_top..

12.15. Executing OPT_EXPR pass (perform const folding).
Optimizing module spi_top.

12.16. Finished OPT passes. (There is nothing left to do.)

13. Executing Verilog backend.

13.1. Executing BMUXMAP pass.

13.2. Executing DEMUXMAP pass.
Dumping module `\spi_top'.

14. Printing statistics.

=== spi_top ===

   Number of wires:               2344
   Number of wire bits:           2769
   Number of public wires:        2344
   Number of public wire bits:    2769
   Number of memories:               0
   Number of memory bits:            0
   Number of processes:              0
   Number of cells:               2709
     AND2X2                         14
     AOI21X1                       262
     AOI22X1                        74
     BUFX2                          69
     DFFSR                         253
     INVX1                         286
     MUX2X1                         64
     NAND2X1                       437
     NAND3X1                       143
     NOR2X1                        241
     NOR3X1                         23
     OAI21X1                       778
     OAI22X1                        32
     OR2X2                          11
     XNOR2X1                        14
     XOR2X1                          8

End of script. Logfile hash: 3f34cdf391, CPU: user 5.71s system 0.15s, MEM: 46.26 MB peak
Yosys 0.33 (git sha1 2584903a060)
Time spent: 26% 2x abc (2 sec), 23% 35x opt_expr (1 sec), ...
Running getpowerground to determine power and ground net names.
getpowerground.tcl  /usr/local/share/qflow/tech/osu018/osu018_stdcells.lef
Running vlogFanout
vlogFanout -l 100 -c 20 -I spi_top_nofanout -s nullstring -p /usr/local/share/qflow/tech/osu018/osu018_stdcells.lib -b BUFX2,CLKBUF1 -i A,A -o Y,Y spi_top_mapped.v spi_top_sized.v

vlogFanout for qflow 1.4.104
Parsing library "osu018_stdcells"
End of library at line 6141
Lib Read:  Processed 6142 lines.
Top internal fanout is 138 (load 3536.72) from node _456_,
driven by INVX1 with strength 58.615 (fF driven at latency 100)
Top fanout load-to-strength ratio is 60.3382 (latency = 6033.82 ps)
Top input node fanout is 253 (load 2371.9) from node wb_clk_i.
0 gates exceed specified minimum load.
252 buffers were added.
Warning 1: load of 634.269 is 10.8995 times greater than strongest gate NOR2X1
This warning will only be repeated for larger overload ratios.  Warning count reflects
the total number of overloaded nets.
Warning 5: load of 679.685 is 11.68 times greater than strongest gate NOR2X1
Warning 194: load of 1173.89 is 20.1012 times greater than strongest gate NAND2X1
Warning 202: load of 2090.63 is 35.7989 times greater than strongest gate NAND2X1
Warning 270: load of 2333.64 is 40.1022 times greater than strongest gate NOR2X1
87 gates were changed.

Gate counts by drive strength:

	"" gates	In: 253    	Out: 253    	+0
	"1" gates	In: 2377    	Out: 2290    	-87
	"2" gates	In: 331    	Out: 396    	+65

566 gates exceed specified minimum load.
0 buffers were added.
0 gates were changed.

Gate counts by drive strength:

	"" gates	In: 253    	Out: 253    	+0
	"1" gates	In: 2377    	Out: 2290    	-87
	"2" gates	In: 331    	Out: 396    	+65

Number of gates changed: 0
Running vlog2Verilog for antenna cell mapping.
vlog2Verilog -c -p -v vdd -g gnd  -l /usr/local/share/qflow/tech/osu018/osu018_stdcells.lef 
   -o spi_top.v spi_top_sized.v

Generating RTL verilog and SPICE netlist file in directory
	 /home/hriddhima/qflow_spi/synthesis
Files:
   Verilog: /home/hriddhima/qflow_spi/synthesis/spi_top.rtl.v
   Verilog: /home/hriddhima/qflow_spi/synthesis/spi_top.rtlnopwr.v
   Verilog: /home/hriddhima/qflow_spi/synthesis/spi_top.rtlbb.v
   Spice:   /home/hriddhima/qflow_spi/synthesis/spi_top.spc

Running vlog2Verilog.
vlog2Verilog -c -v vdd -g gnd  -l /usr/local/share/qflow/tech/osu018/osu018_stdcells.lef 
	-o spi_top.rtl.v
   spi_top.v
vlog2Verilog -c -p -v vdd -g gnd  -l /usr/local/share/qflow/tech/osu018/osu018_stdcells.lef 
	-o spi_top.rtlnopwr.v
   spi_top.v
/usr/local/share/qflow/bin/vlog2Verilog -c -p -b -n -v vdd -g gnd  -l /usr/local/share/qflow/tech/osu018/osu018_stdcells.lef
   -o spi_top.rtlbb.v
Running vlog2Spice.
vlog2Spice -i -l  /usr/local/share/qflow/tech/osu018/osu018_stdcells.sp -o spi_top.spc spi_top.rtl.v
Running spi2xspice.py
spi2xspice.py "/usr/local/share/qflow/tech/osu018/osu018_stdcells.lib" -io_time=1n -time=100p -idelay=10p -odelay=100p -cload=500f spi_top.spc spi_top.xspice

Synthesis script ended on Thu Jun 25 02:23:50 PM UTC 2026
